Using pre-set license
Built from '2021.1/release' branch; Version is '2021.1.0f1 (61a549675243) revision 6399305'; Using compiler version '192528614'; Build Type 'Release'
OS: 'Windows 10 Home Single Language; OS build 19042.631; Version 2009; 64bit' Language: 'en' Physical Memory: 4016 MB
BatchMode: 1, IsHumanControllingUs: 0, StartBugReporterOnCrash: 0, Is64bit: 1, IsPro: 0

 COMMAND LINE ARGUMENTS:
C:\Program Files\Unity\Hub\Editor\2021.1.0f1\Editor\Unity.exe
-adb2
-batchMode
-noUpm
-name
AssetImportWorker2
-projectPath
E:/Unity/Projects/SharpnerFight/Sharpner Fight
-logFile
Logs/AssetImportWorker2.log
-srvPort
53587
Successfully changed project path to: E:/Unity/Projects/SharpnerFight/Sharpner Fight
E:/Unity/Projects/SharpnerFight/Sharpner Fight
Using Asset Import Pipeline V2.
Refreshing native plugins compatible for Editor in 375.51 ms, found 2 plugins.
Preloading 0 native plugins for Editor in 0.00 ms.
Initialize engine version: 2021.1.0f1 (61a549675243)
[Subsystems] Discovering subsystems at path C:/Program Files/Unity/Hub/Editor/2021.1.0f1/Editor/Data/Resources/UnitySubsystems
[Subsystems] Discovering subsystems at path E:/Unity/Projects/SharpnerFight/Sharpner Fight/Assets
GfxDevice: creating device client; threaded=0; jobified=0
Direct3D:
    Version:  Direct3D 11.0 [level 11.1]
    Renderer: Intel(R) HD Graphics 5500 (ID=0x1616)
    Vendor:   Intel
    VRAM:     2008 MB
    Driver:   20.19.15.4364
Shader 'Universal Render Pipeline/Particles/Lit': fallback shader 'Universal Render Pipeline/Particles/SimpleLit' not found
Initialize mono
Mono path[0] = 'C:/Program Files/Unity/Hub/Editor/2021.1.0f1/Editor/Data/Managed'
Mono path[1] = 'C:/Program Files/Unity/Hub/Editor/2021.1.0f1/Editor/Data/MonoBleedingEdge/lib/mono/unityjit'
Mono config path = 'C:/Program Files/Unity/Hub/Editor/2021.1.0f1/Editor/Data/MonoBleedingEdge/etc'
Using monoOptions --debugger-agent=transport=dt_socket,embedding=1,server=y,suspend=n,address=127.0.0.1:56828
Begin MonoManager ReloadAssembly
Registering precompiled unity dll's ...
Register platform support module: C:/Program Files/Unity/Hub/Editor/2021.1.0f1/Editor/Data/PlaybackEngines/WindowsStandaloneSupport/UnityEditor.WindowsStandalone.Extensions.dll
Registered in 0.002688 seconds.
Native extension for WindowsStandalone target not found
Refreshing native plugins compatible for Editor in 347.99 ms, found 2 plugins.
Preloading 0 native plugins for Editor in 0.00 ms.
Mono: successfully reloaded assembly
- Completed reload, in  3.471 seconds
Platform modules already initialized, skipping
Registering precompiled user dll's ...
Registered in 0.004769 seconds.
Begin MonoManager ReloadAssembly
Native extension for WindowsStandalone target not found
Refreshing native plugins compatible for Editor in 248.09 ms, found 2 plugins.
Preloading 0 native plugins for Editor in 0.00 ms.
Mono: successfully reloaded assembly
- Completed reload, in  4.038 seconds
Platform modules already initialized, skipping
========================================================================
Worker process is ready to serve import requests
Shader 'Universal Render Pipeline/Particles/Lit': fallback shader 'Universal Render Pipeline/Particles/SimpleLit' not found
Launched and connected shader compiler UnityShaderCompiler.exe after 0.90 seconds
Refreshing native plugins compatible for Editor in 1.75 ms, found 2 plugins.
Preloading 0 native plugins for Editor in 0.00 ms.
Unloading 4527 Unused Serialized files (Serialized files now loaded: 0)
System memory in use before: 173.2 MB.
System memory in use after: 173.4 MB.

Unloading 28 unused Assets to reduce memory usage. Loaded Objects now: 4986.
Total: 5.652800 ms (FindLiveObjects: 0.907100 ms CreateObjectMapping: 0.714200 ms MarkObjects: 3.845400 ms  DeleteObjects: 0.182100 ms)

========================================================================
Received Import Request.
  path: Assets/Prefab/Player1.prefab
  artifactKey: Guid(63cca7321c8758a4094af9dc96281d92) Importer(815301076,1909f56bfc062723c751e8b465ee728b)
Start importing Assets/Prefab/Player1.prefab using Guid(63cca7321c8758a4094af9dc96281d92) Importer(815301076,1909f56bfc062723c751e8b465ee728b)  -> (artifact id: '99533821deae6c93ff1a46924a6550c0') in 1.346219 seconds 
========================================================================
Received Import Request.
  Time since last request: 0.000587 seconds.
  path: Assets/Prefab/Player2.prefab
  artifactKey: Guid(edd19c3d2ae50f842ac18321b9584d71) Importer(815301076,1909f56bfc062723c751e8b465ee728b)
Start importing Assets/Prefab/Player2.prefab using Guid(edd19c3d2ae50f842ac18321b9584d71) Importer(815301076,1909f56bfc062723c751e8b465ee728b)  -> (artifact id: 'a95a6a8bbd47ef254d2f9fbd1e81d18c') in 0.284157 seconds 
========================================================================
Received Import Request.
  Time since last request: 0.001439 seconds.
  path: Assets/Prefab/SharpnerCollisionEffect.prefab
  artifactKey: Guid(7d07a72521845ea4b9f5305b97980a2e) Importer(815301076,1909f56bfc062723c751e8b465ee728b)
Start importing Assets/Prefab/SharpnerCollisionEffect.prefab using Guid(7d07a72521845ea4b9f5305b97980a2e) Importer(815301076,1909f56bfc062723c751e8b465ee728b)  -> (artifact id: 'a832c6d8c129e53d9ea7e757edaf3e07') in 0.067433 seconds 
========================================================================
Received Import Request.
  Time since last request: 0.000445 seconds.
  path: Assets/Prefab/Player4.prefab
  artifactKey: Guid(c2b2fb3cde5bc4b4f9542153049fd118) Importer(815301076,1909f56bfc062723c751e8b465ee728b)
Start importing Assets/Prefab/Player4.prefab using Guid(c2b2fb3cde5bc4b4f9542153049fd118) Importer(815301076,1909f56bfc062723c751e8b465ee728b)  -> (artifact id: '6e965c3a0e18d8369f4d6d0a7c9920be') in 0.280499 seconds 
========================================================================
Received Import Request.
  Time since last request: 0.000904 seconds.
  path: Assets/Prefab/SharpnerCollisionEffect 1.prefab
  artifactKey: Guid(62c5fb8739508244594a783747fe4763) Importer(815301076,1909f56bfc062723c751e8b465ee728b)
Start importing Assets/Prefab/SharpnerCollisionEffect 1.prefab using Guid(62c5fb8739508244594a783747fe4763) Importer(815301076,1909f56bfc062723c751e8b465ee728b)  -> (artifact id: '22cea15ef89b472fb30fa24304694fc0') in 0.201510 seconds 
========================================================================
Received Import Request.
  Time since last request: 0.000672 seconds.
  path: Assets/Prefab/Player3.prefab
  artifactKey: Guid(925429d92dbbd254087b95d328804bfc) Importer(815301076,1909f56bfc062723c751e8b465ee728b)
Start importing Assets/Prefab/Player3.prefab using Guid(925429d92dbbd254087b95d328804bfc) Importer(815301076,1909f56bfc062723c751e8b465ee728b)  -> (artifact id: '60d66acf01ab365dbce7785d215ab3c0') in 0.240360 seconds 
========================================================================
Received Prepare
Registering precompiled user dll's ...
Registered in 0.006209 seconds.
Begin MonoManager ReloadAssembly
Native extension for WindowsStandalone target not found
Refreshing native plugins compatible for Editor in 1.23 ms, found 2 plugins.
Preloading 0 native plugins for Editor in 0.00 ms.
Mono: successfully reloaded assembly
- Completed reload, in  2.908 seconds
Platform modules already initialized, skipping
Switching build target platform(19) subTarget(0) extendedPlatform(0) -> platform(13) subTarget(589824) extendedPlatform(0)
Shader 'Universal Render Pipeline/Particles/Lit': fallback shader 'Universal Render Pipeline/Particles/SimpleLit' not found
Refreshing native plugins compatible for Editor in 2.34 ms, found 2 plugins.
Preloading 0 native plugins for Editor in 0.00 ms.
Unloading 4420 Unused Serialized files (Serialized files now loaded: 0)
System memory in use before: 173.4 MB.
System memory in use after: 173.5 MB.

Unloading 17 unused Assets to reduce memory usage. Loaded Objects now: 5037.
Total: 5.208100 ms (FindLiveObjects: 0.621900 ms CreateObjectMapping: 0.579400 ms MarkObjects: 3.842600 ms  DeleteObjects: 0.162100 ms)

AssetImportParameters requested are different than current active one (requested -> active):
  custom:graphics/normal-map-encoding: 01000000000000000000000000000000 -> 02000000000000000000000000000000
========================================================================
Received Import Request.
  Time since last request: 146.268211 seconds.
  path: Assets/Prefab/Player1.prefab
  artifactKey: Guid(63cca7321c8758a4094af9dc96281d92) Importer(815301076,1909f56bfc062723c751e8b465ee728b)
Start importing Assets/Prefab/Player1.prefab using Guid(63cca7321c8758a4094af9dc96281d92) Importer(815301076,1909f56bfc062723c751e8b465ee728b)  -> (artifact id: '9b475227fe79a1840f28d12b129f2e36') in 0.477006 seconds 
========================================================================
Received Import Request.
  Time since last request: 0.000531 seconds.
  path: Assets/Prefab/Player2.prefab
  artifactKey: Guid(edd19c3d2ae50f842ac18321b9584d71) Importer(815301076,1909f56bfc062723c751e8b465ee728b)
Start importing Assets/Prefab/Player2.prefab using Guid(edd19c3d2ae50f842ac18321b9584d71) Importer(815301076,1909f56bfc062723c751e8b465ee728b)  -> (artifact id: '898a46a4e542218c7db39843c4f0c02c') in 0.087187 seconds 
========================================================================
Received Import Request.
  Time since last request: 0.000408 seconds.
  path: Assets/Prefab/Player4.prefab
  artifactKey: Guid(c2b2fb3cde5bc4b4f9542153049fd118) Importer(815301076,1909f56bfc062723c751e8b465ee728b)
Start importing Assets/Prefab/Player4.prefab using Guid(c2b2fb3cde5bc4b4f9542153049fd118) Importer(815301076,1909f56bfc062723c751e8b465ee728b)  -> (artifact id: 'bc189cd15dd59106fcce3c925f340d56') in 0.026584 seconds 
========================================================================
Received Import Request.
  Time since last request: 0.000590 seconds.
  path: Assets/Prefab/Player3.prefab
  artifactKey: Guid(925429d92dbbd254087b95d328804bfc) Importer(815301076,1909f56bfc062723c751e8b465ee728b)
Start importing Assets/Prefab/Player3.prefab using Guid(925429d92dbbd254087b95d328804bfc) Importer(815301076,1909f56bfc062723c751e8b465ee728b)  -> (artifact id: '5bb0165defbdb97e218ea8bad185f1a8') in 0.053741 seconds 
========================================================================
Received Prepare
Registering precompiled user dll's ...
Registered in 0.004696 seconds.
Begin MonoManager ReloadAssembly
Native extension for WindowsStandalone target not found
Refreshing native plugins compatible for Editor in 1.73 ms, found 2 plugins.
Preloading 0 native plugins for Editor in 0.00 ms.
Mono: successfully reloaded assembly
- Completed reload, in  2.353 seconds
Platform modules already initialized, skipping
Switching build target platform(19) subTarget(0) extendedPlatform(0) -> platform(13) subTarget(589824) extendedPlatform(0)
Shader 'Universal Render Pipeline/Particles/Lit': fallback shader 'Universal Render Pipeline/Particles/SimpleLit' not found
Refreshing native plugins compatible for Editor in 1.19 ms, found 2 plugins.
Preloading 0 native plugins for Editor in 0.00 ms.
Unloading 4420 Unused Serialized files (Serialized files now loaded: 0)
System memory in use before: 173.5 MB.
System memory in use after: 173.7 MB.

Unloading 17 unused Assets to reduce memory usage. Loaded Objects now: 5079.
Total: 4.983400 ms (FindLiveObjects: 0.424600 ms CreateObjectMapping: 0.340600 ms MarkObjects: 4.060000 ms  DeleteObjects: 0.156400 ms)

AssetImportParameters requested are different than current active one (requested -> active):
  custom:graphics/normal-map-encoding: 01000000000000000000000000000000 -> 02000000000000000000000000000000
========================================================================
Received Prepare
Registering precompiled user dll's ...
Registered in 0.007366 seconds.
Begin MonoManager ReloadAssembly
Native extension for WindowsStandalone target not found
Refreshing native plugins compatible for Editor in 1.22 ms, found 2 plugins.
Preloading 0 native plugins for Editor in 0.00 ms.
Mono: successfully reloaded assembly
- Completed reload, in  2.779 seconds
Platform modules already initialized, skipping
Switching build target platform(19) subTarget(0) extendedPlatform(0) -> platform(13) subTarget(589824) extendedPlatform(0)
Shader 'Universal Render Pipeline/Particles/Lit': fallback shader 'Universal Render Pipeline/Particles/SimpleLit' not found
Refreshing native plugins compatible for Editor in 1.12 ms, found 2 plugins.
Preloading 0 native plugins for Editor in 0.00 ms.
Unloading 4420 Unused Serialized files (Serialized files now loaded: 0)
System memory in use before: 173.6 MB.
System memory in use after: 173.7 MB.

Unloading 17 unused Assets to reduce memory usage. Loaded Objects now: 5083.
Total: 6.272500 ms (FindLiveObjects: 0.789700 ms CreateObjectMapping: 0.697600 ms MarkObjects: 4.593100 ms  DeleteObjects: 0.188800 ms)

AssetImportParameters requested are different than current active one (requested -> active):
  custom:graphics/normal-map-encoding: 01000000000000000000000000000000 -> 02000000000000000000000000000000
========================================================================
Received Import Request.
  Time since last request: 258.854957 seconds.
  path: Assets/Scenes/Game.unity
  artifactKey: Guid(2cda990e2423bbf4892e6590ba056729) Importer(815301076,1909f56bfc062723c751e8b465ee728b)
Start importing Assets/Scenes/Game.unity using Guid(2cda990e2423bbf4892e6590ba056729) Importer(815301076,1909f56bfc062723c751e8b465ee728b)  -> (artifact id: '4fe160b09f0fc08330d40b27512e4090') in 0.051340 seconds 
========================================================================
Received Prepare
Registering precompiled user dll's ...
Registered in 0.004755 seconds.
Begin MonoManager ReloadAssembly
Native extension for WindowsStandalone target not found
Refreshing native plugins compatible for Editor in 3.16 ms, found 2 plugins.
Preloading 0 native plugins for Editor in 0.00 ms.
Mono: successfully reloaded assembly
- Completed reload, in  2.894 seconds
Platform modules already initialized, skipping
Switching build target platform(19) subTarget(0) extendedPlatform(0) -> platform(13) subTarget(589824) extendedPlatform(0)
Shader 'Universal Render Pipeline/Particles/Lit': fallback shader 'Universal Render Pipeline/Particles/SimpleLit' not found
Refreshing native plugins compatible for Editor in 1.23 ms, found 2 plugins.
Preloading 0 native plugins for Editor in 0.00 ms.
Unloading 4420 Unused Serialized files (Serialized files now loaded: 0)
System memory in use before: 173.5 MB.
System memory in use after: 173.7 MB.

Unloading 17 unused Assets to reduce memory usage. Loaded Objects now: 5087.
Total: 6.656000 ms (FindLiveObjects: 1.105300 ms CreateObjectMapping: 0.567700 ms MarkObjects: 4.804100 ms  DeleteObjects: 0.175300 ms)

AssetImportParameters requested are different than current active one (requested -> active):
  custom:graphics/normal-map-encoding: 01000000000000000000000000000000 -> 02000000000000000000000000000000
========================================================================
Received Prepare
Registering precompiled user dll's ...
Registered in 0.119366 seconds.
Begin MonoManager ReloadAssembly
Native extension for WindowsStandalone target not found
Refreshing native plugins compatible for Editor in 1.21 ms, found 2 plugins.
Preloading 0 native plugins for Editor in 0.00 ms.
Mono: successfully reloaded assembly
- Completed reload, in  2.305 seconds
Platform modules already initialized, skipping
Switching build target platform(19) subTarget(0) extendedPlatform(0) -> platform(13) subTarget(589824) extendedPlatform(0)
Shader 'Universal Render Pipeline/Particles/Lit': fallback shader 'Universal Render Pipeline/Particles/SimpleLit' not found
Refreshing native plugins compatible for Editor in 1.32 ms, found 2 plugins.
Preloading 0 native plugins for Editor in 0.00 ms.
Unloading 4420 Unused Serialized files (Serialized files now loaded: 0)
System memory in use before: 173.5 MB.
System memory in use after: 173.7 MB.

Unloading 17 unused Assets to reduce memory usage. Loaded Objects now: 5091.
Total: 7.768200 ms (FindLiveObjects: 0.856700 ms CreateObjectMapping: 0.618100 ms MarkObjects: 5.980700 ms  DeleteObjects: 0.308700 ms)

AssetImportParameters requested are different than current active one (requested -> active):
  custom:graphics/normal-map-encoding: 01000000000000000000000000000000 -> 02000000000000000000000000000000
========================================================================
Received Import Request.
  Time since last request: 536.717126 seconds.
  path: Assets/Prefab/Player1.prefab
  artifactKey: Guid(63cca7321c8758a4094af9dc96281d92) Importer(815301076,1909f56bfc062723c751e8b465ee728b)
Start importing Assets/Prefab/Player1.prefab using Guid(63cca7321c8758a4094af9dc96281d92) Importer(815301076,1909f56bfc062723c751e8b465ee728b)  -> (artifact id: 'a0cdfd6b75d16828ae1e88ac19ab9643') in 0.577873 seconds 
========================================================================
Received Import Request.
  Time since last request: 0.000799 seconds.
  path: Assets/Prefab/Player2.prefab
  artifactKey: Guid(edd19c3d2ae50f842ac18321b9584d71) Importer(815301076,1909f56bfc062723c751e8b465ee728b)
Start importing Assets/Prefab/Player2.prefab using Guid(edd19c3d2ae50f842ac18321b9584d71) Importer(815301076,1909f56bfc062723c751e8b465ee728b)  -> (artifact id: 'e7d2e4be613fd3af6604bdf74a040565') in 0.160171 seconds 
========================================================================
Received Import Request.
  Time since last request: 0.000893 seconds.
  path: Assets/Prefab/Player4.prefab
  artifactKey: Guid(c2b2fb3cde5bc4b4f9542153049fd118) Importer(815301076,1909f56bfc062723c751e8b465ee728b)
Start importing Assets/Prefab/Player4.prefab using Guid(c2b2fb3cde5bc4b4f9542153049fd118) Importer(815301076,1909f56bfc062723c751e8b465ee728b)  -> (artifact id: '7696ca080d309e7ed500511b0a1cf9c5') in 0.060867 seconds 
========================================================================
Received Import Request.
  Time since last request: 0.000456 seconds.
  path: Assets/Prefab/Player3.prefab
  artifactKey: Guid(925429d92dbbd254087b95d328804bfc) Importer(815301076,1909f56bfc062723c751e8b465ee728b)
Start importing Assets/Prefab/Player3.prefab using Guid(925429d92dbbd254087b95d328804bfc) Importer(815301076,1909f56bfc062723c751e8b465ee728b)  -> (artifact id: 'bd692ee322aefea9dedf44a8dfa044ae') in 0.270295 seconds 
========================================================================
Received Import Request.
  Time since last request: 92.600031 seconds.
  path: Assets/Prefab/Player1.prefab
  artifactKey: Guid(63cca7321c8758a4094af9dc96281d92) Importer(815301076,1909f56bfc062723c751e8b465ee728b)
Start importing Assets/Prefab/Player1.prefab using Guid(63cca7321c8758a4094af9dc96281d92) Importer(815301076,1909f56bfc062723c751e8b465ee728b)  -> (artifact id: 'df744bec9119d7b6470beb7f9c1d3df4') in 0.041123 seconds 
========================================================================
Received Import Request.
  Time since last request: 0.000415 seconds.
  path: Assets/Prefab/Player2.prefab
  artifactKey: Guid(edd19c3d2ae50f842ac18321b9584d71) Importer(815301076,1909f56bfc062723c751e8b465ee728b)
Start importing Assets/Prefab/Player2.prefab using Guid(edd19c3d2ae50f842ac18321b9584d71) Importer(815301076,1909f56bfc062723c751e8b465ee728b)  -> (artifact id: '9e462291656b6e73d748129d71606abc') in 0.045146 seconds 
========================================================================
Received Import Request.
  Time since last request: 0.000419 seconds.
  path: Assets/Prefab/Player4.prefab
  artifactKey: Guid(c2b2fb3cde5bc4b4f9542153049fd118) Importer(815301076,1909f56bfc062723c751e8b465ee728b)
Start importing Assets/Prefab/Player4.prefab using Guid(c2b2fb3cde5bc4b4f9542153049fd118) Importer(815301076,1909f56bfc062723c751e8b465ee728b)  -> (artifact id: '9c8c30293bdfc0fca48f784c79b30773') in 0.045116 seconds 
========================================================================
Received Import Request.
  Time since last request: 0.000569 seconds.
  path: Assets/Prefab/Player3.prefab
  artifactKey: Guid(925429d92dbbd254087b95d328804bfc) Importer(815301076,1909f56bfc062723c751e8b465ee728b)
Start importing Assets/Prefab/Player3.prefab using Guid(925429d92dbbd254087b95d328804bfc) Importer(815301076,1909f56bfc062723c751e8b465ee728b)  -> (artifact id: '9ec66e02b3770e2daadfa28308db8e07') in 0.059100 seconds 
========================================================================
Received Prepare
Registering precompiled user dll's ...
Registered in 0.004825 seconds.
Begin MonoManager ReloadAssembly
Native extension for WindowsStandalone target not found
Refreshing native plugins compatible for Editor in 1.19 ms, found 2 plugins.
Preloading 0 native plugins for Editor in 0.00 ms.
Mono: successfully reloaded assembly
- Completed reload, in  2.706 seconds
Platform modules already initialized, skipping
Switching build target platform(19) subTarget(0) extendedPlatform(0) -> platform(13) subTarget(589824) extendedPlatform(0)
Shader 'Universal Render Pipeline/Particles/Lit': fallback shader 'Universal Render Pipeline/Particles/SimpleLit' not found
Refreshing native plugins compatible for Editor in 1.57 ms, found 2 plugins.
Preloading 0 native plugins for Editor in 0.00 ms.
Unloading 4420 Unused Serialized files (Serialized files now loaded: 0)
System memory in use before: 173.7 MB.
System memory in use after: 173.8 MB.

Unloading 17 unused Assets to reduce memory usage. Loaded Objects now: 5133.
Total: 6.193900 ms (FindLiveObjects: 0.608900 ms CreateObjectMapping: 0.534500 ms MarkObjects: 4.870600 ms  DeleteObjects: 0.177100 ms)

AssetImportParameters requested are different than current active one (requested -> active):
  custom:graphics/normal-map-encoding: 01000000000000000000000000000000 -> 02000000000000000000000000000000
========================================================================
Received Import Request.
  Time since last request: 59.564618 seconds.
  path: Assets/Prefab/Player1.prefab
  artifactKey: Guid(63cca7321c8758a4094af9dc96281d92) Importer(815301076,1909f56bfc062723c751e8b465ee728b)
Start importing Assets/Prefab/Player1.prefab using Guid(63cca7321c8758a4094af9dc96281d92) Importer(815301076,1909f56bfc062723c751e8b465ee728b)  -> (artifact id: 'f30352fc6fbfcb6209470b3724168942') in 0.480095 seconds 
========================================================================
Received Import Request.
  Time since last request: 0.000399 seconds.
  path: Assets/Prefab/Player2.prefab
  artifactKey: Guid(edd19c3d2ae50f842ac18321b9584d71) Importer(815301076,1909f56bfc062723c751e8b465ee728b)
Start importing Assets/Prefab/Player2.prefab using Guid(edd19c3d2ae50f842ac18321b9584d71) Importer(815301076,1909f56bfc062723c751e8b465ee728b)  -> (artifact id: '80558efcb28ec2d2d38eeda64c52c2d7') in 0.040019 seconds 
========================================================================
Received Import Request.
  Time since last request: 0.826986 seconds.
  path: Assets/Prefab/Player3.prefab
  artifactKey: Guid(925429d92dbbd254087b95d328804bfc) Importer(815301076,1909f56bfc062723c751e8b465ee728b)
Start importing Assets/Prefab/Player3.prefab using Guid(925429d92dbbd254087b95d328804bfc) Importer(815301076,1909f56bfc062723c751e8b465ee728b)  -> (artifact id: 'f2ba3caa0b94644d1a62a192075c8ada') in 0.087987 seconds 
========================================================================
Received Import Request.
  Time since last request: 3.820620 seconds.
  path: Assets/Prefab/Player4.prefab
  artifactKey: Guid(c2b2fb3cde5bc4b4f9542153049fd118) Importer(815301076,1909f56bfc062723c751e8b465ee728b)
Start importing Assets/Prefab/Player4.prefab using Guid(c2b2fb3cde5bc4b4f9542153049fd118) Importer(815301076,1909f56bfc062723c751e8b465ee728b)  -> (artifact id: '5be9fa88e63ceed9f8ff1ed83648d8b1') in 0.042505 seconds 
========================================================================
Received Prepare
Registering precompiled user dll's ...
Registered in 0.007683 seconds.
Begin MonoManager ReloadAssembly
Native extension for WindowsStandalone target not found
Refreshing native plugins compatible for Editor in 1.56 ms, found 2 plugins.
Preloading 0 native plugins for Editor in 0.00 ms.
Mono: successfully reloaded assembly
- Completed reload, in  3.171 seconds
Platform modules already initialized, skipping
Switching build target platform(19) subTarget(0) extendedPlatform(0) -> platform(13) subTarget(589824) extendedPlatform(0)
Shader 'Universal Render Pipeline/Particles/Lit': fallback shader 'Universal Render Pipeline/Particles/SimpleLit' not found
Refreshing native plugins compatible for Editor in 1.67 ms, found 2 plugins.
Preloading 0 native plugins for Editor in 0.00 ms.
Unloading 4420 Unused Serialized files (Serialized files now loaded: 0)
System memory in use before: 173.7 MB.
System memory in use after: 173.9 MB.

Unloading 17 unused Assets to reduce memory usage. Loaded Objects now: 5175.
Total: 7.068500 ms (FindLiveObjects: 0.943000 ms CreateObjectMapping: 0.673900 ms MarkObjects: 5.104900 ms  DeleteObjects: 0.343400 ms)

AssetImportParameters requested are different than current active one (requested -> active):
  custom:graphics/normal-map-encoding: 01000000000000000000000000000000 -> 02000000000000000000000000000000
========================================================================
Received Import Request.
  Time since last request: 49.196310 seconds.
  path: Assets/Prefab/Player1.prefab
  artifactKey: Guid(63cca7321c8758a4094af9dc96281d92) Importer(815301076,1909f56bfc062723c751e8b465ee728b)
Start importing Assets/Prefab/Player1.prefab using Guid(63cca7321c8758a4094af9dc96281d92) Importer(815301076,1909f56bfc062723c751e8b465ee728b)  -> (artifact id: 'de636374af6c7418bff8b998a34ff5c4') in 0.431677 seconds 
========================================================================
Received Import Request.
  Time since last request: 17.474791 seconds.
  path: Assets/Prefab/Player1.prefab
  artifactKey: Guid(63cca7321c8758a4094af9dc96281d92) Importer(815301076,1909f56bfc062723c751e8b465ee728b)
Start importing Assets/Prefab/Player1.prefab using Guid(63cca7321c8758a4094af9dc96281d92) Importer(815301076,1909f56bfc062723c751e8b465ee728b)  -> (artifact id: '6022a8c4ae815a5eab90ece28dba8836') in 0.076000 seconds 
========================================================================
Received Import Request.
  Time since last request: 1086.912153 seconds.
  path: Assets/Prefab/Player1.prefab
  artifactKey: Guid(63cca7321c8758a4094af9dc96281d92) Importer(815301076,1909f56bfc062723c751e8b465ee728b)
Start importing Assets/Prefab/Player1.prefab using Guid(63cca7321c8758a4094af9dc96281d92) Importer(815301076,1909f56bfc062723c751e8b465ee728b)  -> (artifact id: 'c6aefac2dd6bf8e376d2558c1ecfed6b') in 0.050375 seconds 
========================================================================
Received Import Request.
  Time since last request: 4.513598 seconds.
  path: Assets/Prefab/Player1.prefab
  artifactKey: Guid(63cca7321c8758a4094af9dc96281d92) Importer(815301076,1909f56bfc062723c751e8b465ee728b)
Start importing Assets/Prefab/Player1.prefab using Guid(63cca7321c8758a4094af9dc96281d92) Importer(815301076,1909f56bfc062723c751e8b465ee728b)  -> (artifact id: '3c594ed224a5c7cf40b3f8ad65532a14') in 0.044482 seconds 
========================================================================
Received Import Request.
  Time since last request: 36.481456 seconds.
  path: Assets/Prefab/Player1.prefab
  artifactKey: Guid(63cca7321c8758a4094af9dc96281d92) Importer(815301076,1909f56bfc062723c751e8b465ee728b)
Start importing Assets/Prefab/Player1.prefab using Guid(63cca7321c8758a4094af9dc96281d92) Importer(815301076,1909f56bfc062723c751e8b465ee728b)  -> (artifact id: 'dca96de1e3c0dfbc2dfa1963c1d5bf43') in 0.072355 seconds 
========================================================================
Received Import Request.
  Time since last request: 25.679599 seconds.
  path: Assets/Prefab/Player1.prefab
  artifactKey: Guid(63cca7321c8758a4094af9dc96281d92) Importer(815301076,1909f56bfc062723c751e8b465ee728b)
Start importing Assets/Prefab/Player1.prefab using Guid(63cca7321c8758a4094af9dc96281d92) Importer(815301076,1909f56bfc062723c751e8b465ee728b)  -> (artifact id: '939c23b636c6cdb48794ba720af67000') in 0.053193 seconds 
========================================================================
Received Import Request.
  Time since last request: 25.740812 seconds.
  path: Assets/Prefab/Player1.prefab
  artifactKey: Guid(63cca7321c8758a4094af9dc96281d92) Importer(815301076,1909f56bfc062723c751e8b465ee728b)
Start importing Assets/Prefab/Player1.prefab using Guid(63cca7321c8758a4094af9dc96281d92) Importer(815301076,1909f56bfc062723c751e8b465ee728b)  -> (artifact id: 'f435bae913e3a76ec86abf1ad4b58091') in 0.049819 seconds 
========================================================================
Received Import Request.
  Time since last request: 141.015267 seconds.
  path: Assets/Prefab/Player1.prefab
  artifactKey: Guid(63cca7321c8758a4094af9dc96281d92) Importer(815301076,1909f56bfc062723c751e8b465ee728b)
Start importing Assets/Prefab/Player1.prefab using Guid(63cca7321c8758a4094af9dc96281d92) Importer(815301076,1909f56bfc062723c751e8b465ee728b)  -> (artifact id: '8b01865705639db26289405e5c7dd847') in 0.053991 seconds 
========================================================================
Received Import Request.
  Time since last request: 5.626508 seconds.
  path: Assets/Prefab/Player1.prefab
  artifactKey: Guid(63cca7321c8758a4094af9dc96281d92) Importer(815301076,1909f56bfc062723c751e8b465ee728b)
Start importing Assets/Prefab/Player1.prefab using Guid(63cca7321c8758a4094af9dc96281d92) Importer(815301076,1909f56bfc062723c751e8b465ee728b)  -> (artifact id: '8bd06adf815f6a5abaebe6a8ee77102b') in 0.049195 seconds 
========================================================================
Received Import Request.
  Time since last request: 23.841376 seconds.
  path: Assets/Prefab/Player1.prefab
  artifactKey: Guid(63cca7321c8758a4094af9dc96281d92) Importer(815301076,1909f56bfc062723c751e8b465ee728b)
Start importing Assets/Prefab/Player1.prefab using Guid(63cca7321c8758a4094af9dc96281d92) Importer(815301076,1909f56bfc062723c751e8b465ee728b)  -> (artifact id: '10c7421cc99a66cbdc1e835ca5a594e7') in 0.046079 seconds 
========================================================================
Received Import Request.
  Time since last request: 8.100411 seconds.
  path: Assets/Prefab/Player1.prefab
  artifactKey: Guid(63cca7321c8758a4094af9dc96281d92) Importer(815301076,1909f56bfc062723c751e8b465ee728b)
Start importing Assets/Prefab/Player1.prefab using Guid(63cca7321c8758a4094af9dc96281d92) Importer(815301076,1909f56bfc062723c751e8b465ee728b)  -> (artifact id: '783ff5e939736ecc70e30cf0a35d4e36') in 0.046047 seconds 
========================================================================
Received Import Request.
  Time since last request: 6.139634 seconds.
  path: Assets/Prefab/Player1.prefab
  artifactKey: Guid(63cca7321c8758a4094af9dc96281d92) Importer(815301076,1909f56bfc062723c751e8b465ee728b)
Start importing Assets/Prefab/Player1.prefab using Guid(63cca7321c8758a4094af9dc96281d92) Importer(815301076,1909f56bfc062723c751e8b465ee728b)  -> (artifact id: 'd558a4f97f76c486953470aaa76a1dae') in 0.045623 seconds 
========================================================================
Received Import Request.
  Time since last request: 17.810623 seconds.
  path: Assets/Prefab/Player1.prefab
  artifactKey: Guid(63cca7321c8758a4094af9dc96281d92) Importer(815301076,1909f56bfc062723c751e8b465ee728b)
Start importing Assets/Prefab/Player1.prefab using Guid(63cca7321c8758a4094af9dc96281d92) Importer(815301076,1909f56bfc062723c751e8b465ee728b)  -> (artifact id: '2348265af25d2fdc06478581f37b41c7') in 0.038807 seconds 
========================================================================
Received Import Request.
  Time since last request: 6.385888 seconds.
  path: Assets/Prefab/Player1.prefab
  artifactKey: Guid(63cca7321c8758a4094af9dc96281d92) Importer(815301076,1909f56bfc062723c751e8b465ee728b)
Start importing Assets/Prefab/Player1.prefab using Guid(63cca7321c8758a4094af9dc96281d92) Importer(815301076,1909f56bfc062723c751e8b465ee728b)  -> (artifact id: 'c5bb406e4feab8da7c4b0438758eb380') in 0.040471 seconds 
========================================================================
Received Import Request.
  Time since last request: 138.127329 seconds.
  path: Assets/Prefab/Player1.prefab
  artifactKey: Guid(63cca7321c8758a4094af9dc96281d92) Importer(815301076,1909f56bfc062723c751e8b465ee728b)
Start importing Assets/Prefab/Player1.prefab using Guid(63cca7321c8758a4094af9dc96281d92) Importer(815301076,1909f56bfc062723c751e8b465ee728b)  -> (artifact id: '597bc34101aab55e78703421125daabd') in 0.055962 seconds 
========================================================================
Received Import Request.
  Time since last request: 8.690213 seconds.
  path: Assets/Prefab/Player2.prefab
  artifactKey: Guid(edd19c3d2ae50f842ac18321b9584d71) Importer(815301076,1909f56bfc062723c751e8b465ee728b)
Start importing Assets/Prefab/Player2.prefab using Guid(edd19c3d2ae50f842ac18321b9584d71) Importer(815301076,1909f56bfc062723c751e8b465ee728b)  -> (artifact id: '13edb6824c13290b338bd0655acf5ea8') in 0.046693 seconds 
========================================================================
Received Import Request.
  Time since last request: 6.815099 seconds.
  path: Assets/Prefab/Player2.prefab
  artifactKey: Guid(edd19c3d2ae50f842ac18321b9584d71) Importer(815301076,1909f56bfc062723c751e8b465ee728b)
Start importing Assets/Prefab/Player2.prefab using Guid(edd19c3d2ae50f842ac18321b9584d71) Importer(815301076,1909f56bfc062723c751e8b465ee728b)  -> (artifact id: '0088a8a966f9e49cd35acb7945cee626') in 0.049695 seconds 
========================================================================
Received Import Request.
  Time since last request: 15.054875 seconds.
  path: Assets/Prefab/Player3.prefab
  artifactKey: Guid(925429d92dbbd254087b95d328804bfc) Importer(815301076,1909f56bfc062723c751e8b465ee728b)
Start importing Assets/Prefab/Player3.prefab using Guid(925429d92dbbd254087b95d328804bfc) Importer(815301076,1909f56bfc062723c751e8b465ee728b)  -> (artifact id: '4020bd8f4a676c118cff182e0b245710') in 0.087965 seconds 
========================================================================
Received Import Request.
  Time since last request: 2.620020 seconds.
  path: Assets/Prefab/Player3.prefab
  artifactKey: Guid(925429d92dbbd254087b95d328804bfc) Importer(815301076,1909f56bfc062723c751e8b465ee728b)
Start importing Assets/Prefab/Player3.prefab using Guid(925429d92dbbd254087b95d328804bfc) Importer(815301076,1909f56bfc062723c751e8b465ee728b)  -> (artifact id: '3b0df1d7bb28f4118963f3c42114d11a') in 0.089601 seconds 
========================================================================
Received Import Request.
  Time since last request: 7.914537 seconds.
  path: Assets/Prefab/Player4.prefab
  artifactKey: Guid(c2b2fb3cde5bc4b4f9542153049fd118) Importer(815301076,1909f56bfc062723c751e8b465ee728b)
Start importing Assets/Prefab/Player4.prefab using Guid(c2b2fb3cde5bc4b4f9542153049fd118) Importer(815301076,1909f56bfc062723c751e8b465ee728b)  -> (artifact id: '7715bedf3d3aaa7e3d89806272079995') in 0.039082 seconds 
========================================================================
Received Import Request.
  Time since last request: 2.271840 seconds.
  path: Assets/Prefab/Player4.prefab
  artifactKey: Guid(c2b2fb3cde5bc4b4f9542153049fd118) Importer(815301076,1909f56bfc062723c751e8b465ee728b)
Start importing Assets/Prefab/Player4.prefab using Guid(c2b2fb3cde5bc4b4f9542153049fd118) Importer(815301076,1909f56bfc062723c751e8b465ee728b)  -> (artifact id: 'e571e6df312c399b82dae8615884a81c') in 0.040778 seconds 
========================================================================
Received Import Request.
  Time since last request: 0.492167 seconds.
  path: Assets/Prefab/Player4.prefab
  artifactKey: Guid(c2b2fb3cde5bc4b4f9542153049fd118) Importer(815301076,1909f56bfc062723c751e8b465ee728b)
Start importing Assets/Prefab/Player4.prefab using Guid(c2b2fb3cde5bc4b4f9542153049fd118) Importer(815301076,1909f56bfc062723c751e8b465ee728b)  -> (artifact id: '955edf7485754b62a820abd67394fe7b') in 0.054679 seconds 
========================================================================
Received Import Request.
  Time since last request: 1.207084 seconds.
  path: Assets/Prefab/Player4.prefab
  artifactKey: Guid(c2b2fb3cde5bc4b4f9542153049fd118) Importer(815301076,1909f56bfc062723c751e8b465ee728b)
Start importing Assets/Prefab/Player4.prefab using Guid(c2b2fb3cde5bc4b4f9542153049fd118) Importer(815301076,1909f56bfc062723c751e8b465ee728b)  -> (artifact id: '6ca847e974b8d0dc0612e1cfbcf696b8') in 0.075971 seconds 
========================================================================
Received Prepare
Registering precompiled user dll's ...
Registered in 0.006941 seconds.
Begin MonoManager ReloadAssembly
Native extension for WindowsStandalone target not found
Refreshing native plugins compatible for Editor in 1.49 ms, found 2 plugins.
Preloading 0 native plugins for Editor in 0.00 ms.
Mono: successfully reloaded assembly
- Completed reload, in  2.476 seconds
Platform modules already initialized, skipping
Switching build target platform(19) subTarget(0) extendedPlatform(0) -> platform(13) subTarget(589824) extendedPlatform(0)
Shader 'Universal Render Pipeline/Particles/Lit': fallback shader 'Universal Render Pipeline/Particles/SimpleLit' not found
Refreshing native plugins compatible for Editor in 1.20 ms, found 2 plugins.
Preloading 0 native plugins for Editor in 0.00 ms.
Unloading 4420 Unused Serialized files (Serialized files now loaded: 0)
System memory in use before: 173.8 MB.
System memory in use after: 173.9 MB.

Unloading 17 unused Assets to reduce memory usage. Loaded Objects now: 5217.
Total: 5.088500 ms (FindLiveObjects: 0.471900 ms CreateObjectMapping: 0.341700 ms MarkObjects: 4.103400 ms  DeleteObjects: 0.169300 ms)

AssetImportParameters requested are different than current active one (requested -> active):
  custom:graphics/normal-map-encoding: 01000000000000000000000000000000 -> 02000000000000000000000000000000
========================================================================
Received Import Request.
  Time since last request: 100.340736 seconds.
  path: Assets/Prefab/Player1.prefab
  artifactKey: Guid(63cca7321c8758a4094af9dc96281d92) Importer(815301076,1909f56bfc062723c751e8b465ee728b)
Start importing Assets/Prefab/Player1.prefab using Guid(63cca7321c8758a4094af9dc96281d92) Importer(815301076,1909f56bfc062723c751e8b465ee728b)  -> (artifact id: '0f9bbdcda8b33900076c34a1c3909873') in 0.316923 seconds 
========================================================================
Received Prepare
Registering precompiled user dll's ...
Registered in 0.009223 seconds.
Begin MonoManager ReloadAssembly
Native extension for WindowsStandalone target not found
Refreshing native plugins compatible for Editor in 2.94 ms, found 2 plugins.
Preloading 0 native plugins for Editor in 0.00 ms.
Mono: successfully reloaded assembly
- Completed reload, in  3.537 seconds
Platform modules already initialized, skipping
Switching build target platform(19) subTarget(0) extendedPlatform(0) -> platform(13) subTarget(589824) extendedPlatform(0)
Shader 'Universal Render Pipeline/Particles/Lit': fallback shader 'Universal Render Pipeline/Particles/SimpleLit' not found
Refreshing native plugins compatible for Editor in 1.22 ms, found 2 plugins.
Preloading 0 native plugins for Editor in 0.00 ms.
Unloading 4420 Unused Serialized files (Serialized files now loaded: 0)
System memory in use before: 173.8 MB.
System memory in use after: 174.0 MB.

Unloading 17 unused Assets to reduce memory usage. Loaded Objects now: 5259.
Total: 5.634300 ms (FindLiveObjects: 0.651900 ms CreateObjectMapping: 0.623700 ms MarkObjects: 4.188000 ms  DeleteObjects: 0.168100 ms)

AssetImportParameters requested are different than current active one (requested -> active):
  custom:graphics/normal-map-encoding: 01000000000000000000000000000000 -> 02000000000000000000000000000000
========================================================================
Received Import Request.
  Time since last request: 76.897412 seconds.
  path: Assets/Prefab/Player2.prefab
  artifactKey: Guid(edd19c3d2ae50f842ac18321b9584d71) Importer(815301076,1909f56bfc062723c751e8b465ee728b)
Start importing Assets/Prefab/Player2.prefab using Guid(edd19c3d2ae50f842ac18321b9584d71) Importer(815301076,1909f56bfc062723c751e8b465ee728b)  -> (artifact id: '5853cb3b3a02456add3dedc62bdd8f9e') in 0.327939 seconds 
========================================================================
Received Import Request.
  Time since last request: 4.216057 seconds.
  path: Assets/Prefab/Player3.prefab
  artifactKey: Guid(925429d92dbbd254087b95d328804bfc) Importer(815301076,1909f56bfc062723c751e8b465ee728b)
Start importing Assets/Prefab/Player3.prefab using Guid(925429d92dbbd254087b95d328804bfc) Importer(815301076,1909f56bfc062723c751e8b465ee728b)  -> (artifact id: '72986e5977efce7c67f6acf04d5ce165') in 0.044184 seconds 
========================================================================
Received Import Request.
  Time since last request: 1.004755 seconds.
  path: Assets/Prefab/Player3.prefab
  artifactKey: Guid(925429d92dbbd254087b95d328804bfc) Importer(815301076,1909f56bfc062723c751e8b465ee728b)
Start importing Assets/Prefab/Player3.prefab using Guid(925429d92dbbd254087b95d328804bfc) Importer(815301076,1909f56bfc062723c751e8b465ee728b)  -> (artifact id: 'd8e05bbd50fdb804efd5339defaa82cb') in 0.055161 seconds 
========================================================================
Received Import Request.
  Time since last request: 2.841321 seconds.
  path: Assets/Prefab/Player3.prefab
  artifactKey: Guid(925429d92dbbd254087b95d328804bfc) Importer(815301076,1909f56bfc062723c751e8b465ee728b)
Start importing Assets/Prefab/Player3.prefab using Guid(925429d92dbbd254087b95d328804bfc) Importer(815301076,1909f56bfc062723c751e8b465ee728b)  -> (artifact id: '5e8b3c448cf999baa7bc4705cf374c2f') in 0.076926 seconds 
========================================================================
Received Import Request.
  Time since last request: 5.888307 seconds.
  path: Assets/Prefab/Player4.prefab
  artifactKey: Guid(c2b2fb3cde5bc4b4f9542153049fd118) Importer(815301076,1909f56bfc062723c751e8b465ee728b)
Start importing Assets/Prefab/Player4.prefab using Guid(c2b2fb3cde5bc4b4f9542153049fd118) Importer(815301076,1909f56bfc062723c751e8b465ee728b)  -> (artifact id: '08a0a84397859694325be45901e197e1') in 0.033792 seconds 
========================================================================
Received Import Request.
  Time since last request: 1.248621 seconds.
  path: Assets/Prefab/Player4.prefab
  artifactKey: Guid(c2b2fb3cde5bc4b4f9542153049fd118) Importer(815301076,1909f56bfc062723c751e8b465ee728b)
Start importing Assets/Prefab/Player4.prefab using Guid(c2b2fb3cde5bc4b4f9542153049fd118) Importer(815301076,1909f56bfc062723c751e8b465ee728b)  -> (artifact id: '3d09efab1380fab0a837169365f7d9f0') in 0.068261 seconds 
========================================================================
Received Import Request.
  Time since last request: 1.393631 seconds.
  path: Assets/Prefab/Player4.prefab
  artifactKey: Guid(c2b2fb3cde5bc4b4f9542153049fd118) Importer(815301076,1909f56bfc062723c751e8b465ee728b)
Start importing Assets/Prefab/Player4.prefab using Guid(c2b2fb3cde5bc4b4f9542153049fd118) Importer(815301076,1909f56bfc062723c751e8b465ee728b)  -> (artifact id: '299fb54208d17aaba78ec8034fe7732e') in 0.055732 seconds 
========================================================================
Received Import Request.
  Time since last request: 6.491863 seconds.
  path: Assets/Prefab/Player4.prefab
  artifactKey: Guid(c2b2fb3cde5bc4b4f9542153049fd118) Importer(815301076,1909f56bfc062723c751e8b465ee728b)
Start importing Assets/Prefab/Player4.prefab using Guid(c2b2fb3cde5bc4b4f9542153049fd118) Importer(815301076,1909f56bfc062723c751e8b465ee728b)  -> (artifact id: '0214a38bf26d82c302b330ce2d4f6118') in 0.065418 seconds 
========================================================================
Received Prepare
Registering precompiled user dll's ...
Registered in 0.005810 seconds.
Begin MonoManager ReloadAssembly
Native extension for WindowsStandalone target not found
Refreshing native plugins compatible for Editor in 1.54 ms, found 2 plugins.
Preloading 0 native plugins for Editor in 0.00 ms.
Mono: successfully reloaded assembly
- Completed reload, in  2.947 seconds
Platform modules already initialized, skipping
Switching build target platform(19) subTarget(0) extendedPlatform(0) -> platform(13) subTarget(589824) extendedPlatform(0)
Shader 'Universal Render Pipeline/Particles/Lit': fallback shader 'Universal Render Pipeline/Particles/SimpleLit' not found
Refreshing native plugins compatible for Editor in 1.18 ms, found 2 plugins.
Preloading 0 native plugins for Editor in 0.00 ms.
Unloading 4420 Unused Serialized files (Serialized files now loaded: 0)
System memory in use before: 173.9 MB.
System memory in use after: 174.1 MB.

Unloading 17 unused Assets to reduce memory usage. Loaded Objects now: 5301.
Total: 5.260500 ms (FindLiveObjects: 0.455000 ms CreateObjectMapping: 0.379400 ms MarkObjects: 4.259100 ms  DeleteObjects: 0.165300 ms)

AssetImportParameters requested are different than current active one (requested -> active):
  custom:graphics/normal-map-encoding: 01000000000000000000000000000000 -> 02000000000000000000000000000000
========================================================================
Received Import Request.
  Time since last request: 145.597573 seconds.
  path: Assets/Prefab/Player1.prefab
  artifactKey: Guid(63cca7321c8758a4094af9dc96281d92) Importer(815301076,1909f56bfc062723c751e8b465ee728b)
Start importing Assets/Prefab/Player1.prefab using Guid(63cca7321c8758a4094af9dc96281d92) Importer(815301076,1909f56bfc062723c751e8b465ee728b)  -> (artifact id: 'afec134e0dc5edca01aa5b3ebcd61485') in 0.337908 seconds 
========================================================================
Received Import Request.
  Time since last request: 0.000778 seconds.
  path: Assets/Prefab/Player2.prefab
  artifactKey: Guid(edd19c3d2ae50f842ac18321b9584d71) Importer(815301076,1909f56bfc062723c751e8b465ee728b)
Start importing Assets/Prefab/Player2.prefab using Guid(edd19c3d2ae50f842ac18321b9584d71) Importer(815301076,1909f56bfc062723c751e8b465ee728b)  -> (artifact id: '7fc4e363d52c251d48c3fb6e3833450e') in 0.046005 seconds 
========================================================================
Received Import Request.
  Time since last request: 0.000446 seconds.
  path: Assets/Prefab/Player4.prefab
  artifactKey: Guid(c2b2fb3cde5bc4b4f9542153049fd118) Importer(815301076,1909f56bfc062723c751e8b465ee728b)
Start importing Assets/Prefab/Player4.prefab using Guid(c2b2fb3cde5bc4b4f9542153049fd118) Importer(815301076,1909f56bfc062723c751e8b465ee728b)  -> (artifact id: '4f100117fb2cb4853be05a52ecfee3c2') in 0.044482 seconds 
========================================================================
Received Import Request.
  Time since last request: 0.000392 seconds.
  path: Assets/Prefab/Player3.prefab
  artifactKey: Guid(925429d92dbbd254087b95d328804bfc) Importer(815301076,1909f56bfc062723c751e8b465ee728b)
Start importing Assets/Prefab/Player3.prefab using Guid(925429d92dbbd254087b95d328804bfc) Importer(815301076,1909f56bfc062723c751e8b465ee728b)  -> (artifact id: 'e48d0a78057818e5d912cac3e28ff11f') in 0.089415 seconds 
========================================================================
Received Prepare
Registering precompiled user dll's ...
Registered in 0.004788 seconds.
Begin MonoManager ReloadAssembly
Native extension for WindowsStandalone target not found
Refreshing native plugins compatible for Editor in 1.25 ms, found 2 plugins.
Preloading 0 native plugins for Editor in 0.00 ms.
Mono: successfully reloaded assembly
- Completed reload, in  2.429 seconds
Platform modules already initialized, skipping
Switching build target platform(19) subTarget(0) extendedPlatform(0) -> platform(13) subTarget(589824) extendedPlatform(0)
Shader 'Universal Render Pipeline/Particles/Lit': fallback shader 'Universal Render Pipeline/Particles/SimpleLit' not found
Refreshing native plugins compatible for Editor in 1.36 ms, found 2 plugins.
Preloading 0 native plugins for Editor in 0.00 ms.
Unloading 4420 Unused Serialized files (Serialized files now loaded: 0)
System memory in use before: 174.0 MB.
System memory in use after: 174.1 MB.

Unloading 17 unused Assets to reduce memory usage. Loaded Objects now: 5343.
Total: 6.374700 ms (FindLiveObjects: 0.627300 ms CreateObjectMapping: 0.646000 ms MarkObjects: 4.913000 ms  DeleteObjects: 0.185900 ms)

AssetImportParameters requested are different than current active one (requested -> active):
  custom:graphics/normal-map-encoding: 01000000000000000000000000000000 -> 02000000000000000000000000000000
========================================================================
Received Import Request.
  Time since last request: 48.509685 seconds.
  path: Assets/Prefab/Player1.prefab
  artifactKey: Guid(63cca7321c8758a4094af9dc96281d92) Importer(815301076,1909f56bfc062723c751e8b465ee728b)
Start importing Assets/Prefab/Player1.prefab using Guid(63cca7321c8758a4094af9dc96281d92) Importer(815301076,1909f56bfc062723c751e8b465ee728b)  -> (artifact id: '1c7362fd576d1ef2eb6366d1bed00c8c') in 0.415651 seconds 
========================================================================
Received Import Request.
  Time since last request: 0.000357 seconds.
  path: Assets/Prefab/Player2.prefab
  artifactKey: Guid(edd19c3d2ae50f842ac18321b9584d71) Importer(815301076,1909f56bfc062723c751e8b465ee728b)
Start importing Assets/Prefab/Player2.prefab using Guid(edd19c3d2ae50f842ac18321b9584d71) Importer(815301076,1909f56bfc062723c751e8b465ee728b)  -> (artifact id: '55249c6c07cb4f986bf13b8bf6c70f77') in 0.027806 seconds 
========================================================================
Received Import Request.
  Time since last request: 1.147173 seconds.
  path: Assets/Prefab/Player3.prefab
  artifactKey: Guid(925429d92dbbd254087b95d328804bfc) Importer(815301076,1909f56bfc062723c751e8b465ee728b)
Start importing Assets/Prefab/Player3.prefab using Guid(925429d92dbbd254087b95d328804bfc) Importer(815301076,1909f56bfc062723c751e8b465ee728b)  -> (artifact id: 'e74d28e05fca827947ccba905f51b4a4') in 0.036586 seconds 
========================================================================
Received Import Request.
  Time since last request: 4.570623 seconds.
  path: Assets/Prefab/Player4.prefab
  artifactKey: Guid(c2b2fb3cde5bc4b4f9542153049fd118) Importer(815301076,1909f56bfc062723c751e8b465ee728b)
Start importing Assets/Prefab/Player4.prefab using Guid(c2b2fb3cde5bc4b4f9542153049fd118) Importer(815301076,1909f56bfc062723c751e8b465ee728b)  -> (artifact id: '04b8cf437d231526da24ffc47c6e33f2') in 0.041009 seconds 
========================================================================
Received Prepare
Registering precompiled user dll's ...
Registered in 0.004782 seconds.
Begin MonoManager ReloadAssembly
Native extension for WindowsStandalone target not found
Refreshing native plugins compatible for Editor in 2.32 ms, found 2 plugins.
Preloading 0 native plugins for Editor in 0.00 ms.
Mono: successfully reloaded assembly
- Completed reload, in  2.940 seconds
Platform modules already initialized, skipping
Switching build target platform(19) subTarget(0) extendedPlatform(0) -> platform(13) subTarget(589824) extendedPlatform(0)
Shader 'Universal Render Pipeline/Particles/Lit': fallback shader 'Universal Render Pipeline/Particles/SimpleLit' not found
Refreshing native plugins compatible for Editor in 1.24 ms, found 2 plugins.
Preloading 0 native plugins for Editor in 0.00 ms.
Unloading 4420 Unused Serialized files (Serialized files now loaded: 0)
System memory in use before: 174.1 MB.
System memory in use after: 174.2 MB.

Unloading 17 unused Assets to reduce memory usage. Loaded Objects now: 5385.
Total: 5.589000 ms (FindLiveObjects: 0.475700 ms CreateObjectMapping: 0.338600 ms MarkObjects: 4.603300 ms  DeleteObjects: 0.169500 ms)

AssetImportParameters requested are different than current active one (requested -> active):
  custom:graphics/normal-map-encoding: 01000000000000000000000000000000 -> 02000000000000000000000000000000
========================================================================
Received Prepare
Registering precompiled user dll's ...
Registered in 0.004576 seconds.
Begin MonoManager ReloadAssembly
Native extension for WindowsStandalone target not found
Refreshing native plugins compatible for Editor in 1.41 ms, found 2 plugins.
Preloading 0 native plugins for Editor in 0.00 ms.
Mono: successfully reloaded assembly
- Completed reload, in  2.952 seconds
Platform modules already initialized, skipping
Switching build target platform(19) subTarget(0) extendedPlatform(0) -> platform(13) subTarget(589824) extendedPlatform(0)
Shader 'Universal Render Pipeline/Particles/Lit': fallback shader 'Universal Render Pipeline/Particles/SimpleLit' not found
Refreshing native plugins compatible for Editor in 1.13 ms, found 2 plugins.
Preloading 0 native plugins for Editor in 0.00 ms.
Unloading 4420 Unused Serialized files (Serialized files now loaded: 0)
System memory in use before: 174.1 MB.
System memory in use after: 174.2 MB.

Unloading 17 unused Assets to reduce memory usage. Loaded Objects now: 5389.
Total: 5.929100 ms (FindLiveObjects: 0.642400 ms CreateObjectMapping: 0.565500 ms MarkObjects: 4.545300 ms  DeleteObjects: 0.173700 ms)

AssetImportParameters requested are different than current active one (requested -> active):
  custom:graphics/normal-map-encoding: 01000000000000000000000000000000 -> 02000000000000000000000000000000
========================================================================
Received Prepare
Registering precompiled user dll's ...
Registered in 0.004698 seconds.
Begin MonoManager ReloadAssembly
Native extension for WindowsStandalone target not found
Refreshing native plugins compatible for Editor in 2.08 ms, found 2 plugins.
Preloading 0 native plugins for Editor in 0.00 ms.
Mono: successfully reloaded assembly
- Completed reload, in  2.234 seconds
Platform modules already initialized, skipping
Switching build target platform(19) subTarget(0) extendedPlatform(0) -> platform(13) subTarget(589824) extendedPlatform(0)
Shader 'Universal Render Pipeline/Particles/Lit': fallback shader 'Universal Render Pipeline/Particles/SimpleLit' not found
Refreshing native plugins compatible for Editor in 1.22 ms, found 2 plugins.
Preloading 0 native plugins for Editor in 0.00 ms.
Unloading 4420 Unused Serialized files (Serialized files now loaded: 0)
System memory in use before: 174.0 MB.
System memory in use after: 174.2 MB.

Unloading 17 unused Assets to reduce memory usage. Loaded Objects now: 5393.
Total: 5.857500 ms (FindLiveObjects: 0.696500 ms CreateObjectMapping: 0.387100 ms MarkObjects: 4.608000 ms  DeleteObjects: 0.163800 ms)

AssetImportParameters requested are different than current active one (requested -> active):
  custom:graphics/normal-map-encoding: 01000000000000000000000000000000 -> 02000000000000000000000000000000
========================================================================
Received Import Request.
  Time since last request: 618.213936 seconds.
  path: Assets/Script/BGMusic.cs
  artifactKey: Guid(8c69cb9f7a8645b44a7dfc0228a07565) Importer(815301076,1909f56bfc062723c751e8b465ee728b)
Start importing Assets/Script/BGMusic.cs using Guid(8c69cb9f7a8645b44a7dfc0228a07565) Importer(815301076,1909f56bfc062723c751e8b465ee728b)  -> (artifact id: '671767b7f059c7610248a5d6e58f13e5') in 0.120189 seconds 
========================================================================
Received Prepare
Registering precompiled user dll's ...
Registered in 0.006487 seconds.
Begin MonoManager ReloadAssembly
Native extension for WindowsStandalone target not found
Refreshing native plugins compatible for Editor in 1.26 ms, found 2 plugins.
Preloading 0 native plugins for Editor in 0.00 ms.
Mono: successfully reloaded assembly
- Completed reload, in  2.677 seconds
Platform modules already initialized, skipping
Switching build target platform(19) subTarget(0) extendedPlatform(0) -> platform(13) subTarget(589824) extendedPlatform(0)
Shader 'Universal Render Pipeline/Particles/Lit': fallback shader 'Universal Render Pipeline/Particles/SimpleLit' not found
Refreshing native plugins compatible for Editor in 1.21 ms, found 2 plugins.
Preloading 0 native plugins for Editor in 0.00 ms.
Unloading 4421 Unused Serialized files (Serialized files now loaded: 0)
System memory in use before: 174.0 MB.
System memory in use after: 174.2 MB.

Unloading 17 unused Assets to reduce memory usage. Loaded Objects now: 5398.
Total: 5.263700 ms (FindLiveObjects: 0.458600 ms CreateObjectMapping: 0.363800 ms MarkObjects: 4.272300 ms  DeleteObjects: 0.166600 ms)

AssetImportParameters requested are different than current active one (requested -> active):
  custom:graphics/normal-map-encoding: 01000000000000000000000000000000 -> 02000000000000000000000000000000
========================================================================
Received Prepare
Registering precompiled user dll's ...
Registered in 0.004666 seconds.
Begin MonoManager ReloadAssembly
Native extension for WindowsStandalone target not found
Refreshing native plugins compatible for Editor in 2.55 ms, found 2 plugins.
Preloading 0 native plugins for Editor in 0.00 ms.
Mono: successfully reloaded assembly
- Completed reload, in  2.713 seconds
Platform modules already initialized, skipping
Switching build target platform(19) subTarget(0) extendedPlatform(0) -> platform(13) subTarget(589824) extendedPlatform(0)
Shader 'Universal Render Pipeline/Particles/Lit': fallback shader 'Universal Render Pipeline/Particles/SimpleLit' not found
Refreshing native plugins compatible for Editor in 1.14 ms, found 2 plugins.
Preloading 0 native plugins for Editor in 0.00 ms.
Unloading 4421 Unused Serialized files (Serialized files now loaded: 0)
System memory in use before: 174.1 MB.
System memory in use after: 174.2 MB.

Unloading 17 unused Assets to reduce memory usage. Loaded Objects now: 5402.
Total: 5.857000 ms (FindLiveObjects: 0.463600 ms CreateObjectMapping: 0.341700 ms MarkObjects: 4.854600 ms  DeleteObjects: 0.195100 ms)

AssetImportParameters requested are different than current active one (requested -> active):
  custom:graphics/normal-map-encoding: 01000000000000000000000000000000 -> 02000000000000000000000000000000
========================================================================
Received Import Request.
  Time since last request: 154.796675 seconds.
  path: Assets/Script/BGMusic.cs
  artifactKey: Guid(8c69cb9f7a8645b44a7dfc0228a07565) Importer(815301076,1909f56bfc062723c751e8b465ee728b)
Start importing Assets/Script/BGMusic.cs using Guid(8c69cb9f7a8645b44a7dfc0228a07565) Importer(815301076,1909f56bfc062723c751e8b465ee728b)  -> (artifact id: '9034569ff5f709a536f814d8c79a3c20') in 0.016867 seconds 
AssetImportWorkerClient::OnTransportError - code=2 error=End of file
