Using pre-set license
Built from '2021.1/release' branch; Version is '2021.1.0f1 (61a549675243) revision 6399305'; Using compiler version '192528614'; Build Type 'Release'
OS: 'Windows 10 Pro N; OS build 19042.572; Version 2009; 64bit' Language: 'en' Physical Memory: 4016 MB
BatchMode: 1, IsHumanControllingUs: 0, StartBugReporterOnCrash: 0, Is64bit: 1, IsPro: 0

 COMMAND LINE ARGUMENTS:
C:\Program Files\Unity\Hub\Editor\2021.1.0f1\Editor\Unity.exe
-adb2
-batchMode
-noUpm
-name
AssetImportWorker16
-projectPath
E:/Unity/Projects/SharpnerFight/Sharpner Fight
-logFile
Logs/AssetImportWorker16.log
-srvPort
58236
Successfully changed project path to: E:/Unity/Projects/SharpnerFight/Sharpner Fight
E:/Unity/Projects/SharpnerFight/Sharpner Fight
Using Asset Import Pipeline V2.
Refreshing native plugins compatible for Editor in 238.58 ms, found 2 plugins.
Preloading 0 native plugins for Editor in 0.00 ms.
Initialize engine version: 2021.1.0f1 (61a549675243)
[Subsystems] Discovering subsystems at path C:/Program Files/Unity/Hub/Editor/2021.1.0f1/Editor/Data/Resources/UnitySubsystems
[Subsystems] Discovering subsystems at path E:/Unity/Projects/SharpnerFight/Sharpner Fight/Assets
GfxDevice: creating device client; threaded=0; jobified=0
Direct3D:
    Version:  Direct3D 11.0 [level 11.1]
    Renderer: Intel(R) HD Graphics 5500 (ID=0x1616)
    Vendor:   Intel
    VRAM:     2008 MB
    Driver:   20.19.15.4703
Shader 'Universal Render Pipeline/Particles/Lit': fallback shader 'Universal Render Pipeline/Particles/SimpleLit' not found
Initialize mono
Mono path[0] = 'C:/Program Files/Unity/Hub/Editor/2021.1.0f1/Editor/Data/Managed'
Mono path[1] = 'C:/Program Files/Unity/Hub/Editor/2021.1.0f1/Editor/Data/MonoBleedingEdge/lib/mono/unityjit'
Mono config path = 'C:/Program Files/Unity/Hub/Editor/2021.1.0f1/Editor/Data/MonoBleedingEdge/etc'
Using monoOptions --debugger-agent=transport=dt_socket,embedding=1,server=y,suspend=n,address=127.0.0.1:56684
Begin MonoManager ReloadAssembly
Registering precompiled unity dll's ...
Register platform support module: C:/Program Files/Unity/Hub/Editor/2021.1.0f1/Editor/Data/PlaybackEngines/WindowsStandaloneSupport/UnityEditor.WindowsStandalone.Extensions.dll
Registered in 0.012391 seconds.
Native extension for WindowsStandalone target not found
Refreshing native plugins compatible for Editor in 225.67 ms, found 2 plugins.
Preloading 0 native plugins for Editor in 0.00 ms.
Mono: successfully reloaded assembly
- Completed reload, in  5.243 seconds
Platform modules already initialized, skipping
Registering precompiled user dll's ...
Registered in 0.005402 seconds.
Begin MonoManager ReloadAssembly
Native extension for WindowsStandalone target not found
Refreshing native plugins compatible for Editor in 235.76 ms, found 2 plugins.
Preloading 0 native plugins for Editor in 0.00 ms.
Mono: successfully reloaded assembly
- Completed reload, in  3.234 seconds
Platform modules already initialized, skipping
========================================================================
Worker process is ready to serve import requests
Shader 'Universal Render Pipeline/Particles/Lit': fallback shader 'Universal Render Pipeline/Particles/SimpleLit' not found
Launched and connected shader compiler UnityShaderCompiler.exe after 0.33 seconds
Refreshing native plugins compatible for Editor in 2.24 ms, found 2 plugins.
Preloading 0 native plugins for Editor in 0.00 ms.
Unloading 4527 Unused Serialized files (Serialized files now loaded: 0)
System memory in use before: 173.1 MB.
System memory in use after: 173.2 MB.

Unloading 28 unused Assets to reduce memory usage. Loaded Objects now: 4986.
Total: 6.797500 ms (FindLiveObjects: 0.622500 ms CreateObjectMapping: 0.482200 ms MarkObjects: 5.442100 ms  DeleteObjects: 0.248100 ms)

========================================================================
Received Import Request.
  path: Assets/Sprite/Textures/Wood Texture 11/Wood Texture 11 diffuse.tga
  artifactKey: Guid(cd2a98bd0dc3f364d96a9206fdaa1ca8) Importer(2089858483,934ff659095e30574adcf32a4c2f97b5)
Start importing Assets/Sprite/Textures/Wood Texture 11/Wood Texture 11 diffuse.tga using Guid(cd2a98bd0dc3f364d96a9206fdaa1ca8) Importer(2089858483,934ff659095e30574adcf32a4c2f97b5)  -> (artifact id: '53198493a38d9d119fb16f48eec5c3f1') in 0.817654 seconds 
========================================================================
Received Import Request.
  Time since last request: 0.000945 seconds.
  path: Assets/Prefab/Player3.prefab
  artifactKey: Guid(925429d92dbbd254087b95d328804bfc) Importer(2089858483,934ff659095e30574adcf32a4c2f97b5)
Start importing Assets/Prefab/Player3.prefab using Guid(925429d92dbbd254087b95d328804bfc) Importer(2089858483,934ff659095e30574adcf32a4c2f97b5)  -> (artifact id: 'be9adc74a9c5c30fff77f2c4a0699e47') in 0.142523 seconds 
========================================================================
Received Import Request.
  Time since last request: 0.000858 seconds.
  path: Assets/Sound/Button.wav
  artifactKey: Guid(dc04ef8970612e8439757407452ba4ca) Importer(2089858483,934ff659095e30574adcf32a4c2f97b5)
Start importing Assets/Sound/Button.wav using Guid(dc04ef8970612e8439757407452ba4ca) Importer(2089858483,934ff659095e30574adcf32a4c2f97b5)  -> (artifact id: 'ab72340a4e7aa2e5b3f2e86ff5d51101') in 0.517529 seconds 
========================================================================
Received Import Request.
  Time since last request: 0.000938 seconds.
  path: Assets/Sprite/Textures/Wood Texture 01/Wood Texture 01.mat
  artifactKey: Guid(d9e6a8c3b79a0ac4d8e9776bb25bfa16) Importer(2089858483,934ff659095e30574adcf32a4c2f97b5)
Start importing Assets/Sprite/Textures/Wood Texture 01/Wood Texture 01.mat using Guid(d9e6a8c3b79a0ac4d8e9776bb25bfa16) Importer(2089858483,934ff659095e30574adcf32a4c2f97b5)  -> (artifact id: '7c938742510b14069c57c5a78c977b39') in 0.088627 seconds 
========================================================================
Received Import Request.
  Time since last request: 0.000893 seconds.
  path: Assets/Sound/die.mp3
  artifactKey: Guid(091d09017d27bbb469611a8c396437a2) Importer(2089858483,934ff659095e30574adcf32a4c2f97b5)
Start importing Assets/Sound/die.mp3 using Guid(091d09017d27bbb469611a8c396437a2) Importer(2089858483,934ff659095e30574adcf32a4c2f97b5)  -> (artifact id: 'f3c4f4e161f6ab7baf6bfadb69e678b2') in 0.079678 seconds 
========================================================================
Received Import Request.
  Time since last request: 0.000966 seconds.
  path: Assets/Prefab/Player1.prefab
  artifactKey: Guid(63cca7321c8758a4094af9dc96281d92) Importer(2089858483,934ff659095e30574adcf32a4c2f97b5)
Start importing Assets/Prefab/Player1.prefab using Guid(63cca7321c8758a4094af9dc96281d92) Importer(2089858483,934ff659095e30574adcf32a4c2f97b5)  -> (artifact id: '22fd70e52f884cead3e4c2c95e4bd5c6') in 0.080365 seconds 
========================================================================
Received Import Request.
  Time since last request: 0.000857 seconds.
  path: Assets/New 2D Renderer Data.asset
  artifactKey: Guid(88f662a14816c334c97d529668c73bd5) Importer(2089858483,934ff659095e30574adcf32a4c2f97b5)
Start importing Assets/New 2D Renderer Data.asset using Guid(88f662a14816c334c97d529668c73bd5) Importer(2089858483,934ff659095e30574adcf32a4c2f97b5)  -> (artifact id: '0ff6c227588e32f7706074faa7be8f62') in 0.044027 seconds 
========================================================================
Received Import Request.
  Time since last request: 0.000868 seconds.
  path: Assets/Sprite/Sharpner/Blue.png
  artifactKey: Guid(61ac9289027bd254dba0e8c9b8b43e98) Importer(2089858483,934ff659095e30574adcf32a4c2f97b5)
Start importing Assets/Sprite/Sharpner/Blue.png using Guid(61ac9289027bd254dba0e8c9b8b43e98) Importer(2089858483,934ff659095e30574adcf32a4c2f97b5)  -> (artifact id: '9a2e1023ceb93e424eedbc5bab941129') in 1.942066 seconds 
========================================================================
Received Import Request.
  Time since last request: 0.000875 seconds.
  path: Assets/Sprite/Textures/Wood Texture 05/Wood Texture 05 normal.tga
  artifactKey: Guid(ccad681da3501284eb30bd9d0ea1b421) Importer(2089858483,934ff659095e30574adcf32a4c2f97b5)
Start importing Assets/Sprite/Textures/Wood Texture 05/Wood Texture 05 normal.tga using Guid(ccad681da3501284eb30bd9d0ea1b421) Importer(2089858483,934ff659095e30574adcf32a4c2f97b5)  -> (artifact id: '3b0702ca8d3d262a1f40e3a283c2d876') in 0.100123 seconds 
========================================================================
Received Import Request.
  Time since last request: 0.000865 seconds.
  path: Assets/Sprite/Textures/Wood Texture 05/Wood Texture 05 diffuse.tga
  artifactKey: Guid(ccad2f0bd98f553449ca5fdd7924fbe0) Importer(2089858483,934ff659095e30574adcf32a4c2f97b5)
Start importing Assets/Sprite/Textures/Wood Texture 05/Wood Texture 05 diffuse.tga using Guid(ccad2f0bd98f553449ca5fdd7924fbe0) Importer(2089858483,934ff659095e30574adcf32a4c2f97b5)  -> (artifact id: 'a45c64dd26ed48ef26dee7bc1655879a') in 0.082640 seconds 
========================================================================
Received Import Request.
  Time since last request: 0.000866 seconds.
  path: Assets/Scenes/Game/Global Volume Profile.asset
  artifactKey: Guid(fc15276e1901f744194ee713215d2a27) Importer(2089858483,934ff659095e30574adcf32a4c2f97b5)
Start importing Assets/Scenes/Game/Global Volume Profile.asset using Guid(fc15276e1901f744194ee713215d2a27) Importer(2089858483,934ff659095e30574adcf32a4c2f97b5)  -> (artifact id: '9839a39e940d6260095a86473766107b') in 0.111482 seconds 
========================================================================
Received Import Request.
  Time since last request: 0.000972 seconds.
  path: Assets/Sprite/Textures/Wood Texture 02/Wood Texture 02 diffuse.tga
  artifactKey: Guid(39907092a44cd7d49b143a575a46742a) Importer(2089858483,934ff659095e30574adcf32a4c2f97b5)
Start importing Assets/Sprite/Textures/Wood Texture 02/Wood Texture 02 diffuse.tga using Guid(39907092a44cd7d49b143a575a46742a) Importer(2089858483,934ff659095e30574adcf32a4c2f97b5)  -> (artifact id: '20286f77753d1143de9d44d49cc87a87') in 0.229943 seconds 
========================================================================
Received Import Request.
  Time since last request: 0.000878 seconds.
  path: Assets/Sprite/Dotted Line/Red Dotted Line.png
  artifactKey: Guid(a127a066c693b9a45ab41982d5262243) Importer(2089858483,934ff659095e30574adcf32a4c2f97b5)
Start importing Assets/Sprite/Dotted Line/Red Dotted Line.png using Guid(a127a066c693b9a45ab41982d5262243) Importer(2089858483,934ff659095e30574adcf32a4c2f97b5)  -> (artifact id: 'b172cf5a908ceaa72e86ff0de151f7fd') in 0.034432 seconds 
========================================================================
Received Import Request.
  Time since last request: 0.000866 seconds.
  path: Assets/Sprite/Sharpner/Green.png
  artifactKey: Guid(7f1bfe63302449147bbf9c3e474aff31) Importer(2089858483,934ff659095e30574adcf32a4c2f97b5)
Start importing Assets/Sprite/Sharpner/Green.png using Guid(7f1bfe63302449147bbf9c3e474aff31) Importer(2089858483,934ff659095e30574adcf32a4c2f97b5)  -> (artifact id: '6202321fa400af675c51b1113c2a2029') in 0.066315 seconds 
========================================================================
Received Import Request.
  Time since last request: 0.000899 seconds.
  path: Assets/Sprite/Textures/Wood Texture 01/Wood Texture 01 diffuse.tga
  artifactKey: Guid(556156e47a9033342833685b5cc1cee3) Importer(2089858483,934ff659095e30574adcf32a4c2f97b5)
Start importing Assets/Sprite/Textures/Wood Texture 01/Wood Texture 01 diffuse.tga using Guid(556156e47a9033342833685b5cc1cee3) Importer(2089858483,934ff659095e30574adcf32a4c2f97b5)  -> (artifact id: '185f671b09297c3fec8b51c00bafc6ef') in 0.081248 seconds 
========================================================================
Received Import Request.
  Time since last request: 0.000901 seconds.
  path: Assets/Script/GameManager.cs
  artifactKey: Guid(15b41b5f1ed6e7548b3ffa148870c25f) Importer(2089858483,934ff659095e30574adcf32a4c2f97b5)
Start importing Assets/Script/GameManager.cs using Guid(15b41b5f1ed6e7548b3ffa148870c25f) Importer(2089858483,934ff659095e30574adcf32a4c2f97b5)  -> (artifact id: '147825f4c701295136270e3368dd1937') in 0.317306 seconds 
========================================================================
Received Import Request.
  Time since last request: 0.000904 seconds.
  path: Assets/Sprite/Textures/Wood Texture 06/Wood Texture 06 normal.tga
  artifactKey: Guid(1ed717576c1cf2d41aebacea538e0a8f) Importer(2089858483,934ff659095e30574adcf32a4c2f97b5)
Start importing Assets/Sprite/Textures/Wood Texture 06/Wood Texture 06 normal.tga using Guid(1ed717576c1cf2d41aebacea538e0a8f) Importer(2089858483,934ff659095e30574adcf32a4c2f97b5)  -> (artifact id: 'eb015b36e07e1ecf185f409f8ec9a701') in 0.021001 seconds 
========================================================================
Received Import Request.
  Time since last request: 0.000879 seconds.
  path: Assets/Sprite/Textures/Wood Texture 11/Wood Texture 11 normal.tga
  artifactKey: Guid(c35b9269897be2d41a3b65dfda2881b0) Importer(2089858483,934ff659095e30574adcf32a4c2f97b5)
Start importing Assets/Sprite/Textures/Wood Texture 11/Wood Texture 11 normal.tga using Guid(c35b9269897be2d41a3b65dfda2881b0) Importer(2089858483,934ff659095e30574adcf32a4c2f97b5)  -> (artifact id: '05f7701f439d7b1cf4b71e6e3e678a2b') in 0.074583 seconds 
========================================================================
Received Import Request.
  Time since last request: 0.000873 seconds.
  path: Assets/Scenes/Menu.unity
  artifactKey: Guid(c3d0e8235fdb2444e8b6e829f0517c56) Importer(2089858483,934ff659095e30574adcf32a4c2f97b5)
Start importing Assets/Scenes/Menu.unity using Guid(c3d0e8235fdb2444e8b6e829f0517c56) Importer(2089858483,934ff659095e30574adcf32a4c2f97b5)  -> (artifact id: '743d53175d5ff02a81d0b03c7213498b') in 0.008405 seconds 
========================================================================
Received Import Request.
  Time since last request: 0.000846 seconds.
  path: Assets/Script/AI.cs
  artifactKey: Guid(d06c881e90e04814b81e4df92b5e27d5) Importer(2089858483,934ff659095e30574adcf32a4c2f97b5)
Start importing Assets/Script/AI.cs using Guid(d06c881e90e04814b81e4df92b5e27d5) Importer(2089858483,934ff659095e30574adcf32a4c2f97b5)  -> (artifact id: '29c603768a8dc2e97e594a99e67d4cf0') in 0.065691 seconds 
========================================================================
Received Import Request.
  Time since last request: 0.000875 seconds.
  path: Assets/Sprite/Board.png
  artifactKey: Guid(11a44222ddb72dd42aa6f9fac5d0f024) Importer(2089858483,934ff659095e30574adcf32a4c2f97b5)
Start importing Assets/Sprite/Board.png using Guid(11a44222ddb72dd42aa6f9fac5d0f024) Importer(2089858483,934ff659095e30574adcf32a4c2f97b5)  -> (artifact id: 'aca1b79543f2fc2b6551fa9166f80da6') in 0.176772 seconds 
========================================================================
Received Import Request.
  Time since last request: 0.000871 seconds.
  path: Assets/Sprite/Pause Button.png
  artifactKey: Guid(63141f1e50304df48badeeebed698a32) Importer(2089858483,934ff659095e30574adcf32a4c2f97b5)
Start importing Assets/Sprite/Pause Button.png using Guid(63141f1e50304df48badeeebed698a32) Importer(2089858483,934ff659095e30574adcf32a4c2f97b5)  -> (artifact id: '8fb76ea8f2e94c066fcc94699a300de4') in 0.110474 seconds 
========================================================================
Received Import Request.
  Time since last request: 0.000647 seconds.
  path: Assets/Sprite/Textures/Wood Texture 01/Wood Texture 01 normal.tga
  artifactKey: Guid(396ef6a70ab84ea4b85fa6bd0765c548) Importer(2089858483,934ff659095e30574adcf32a4c2f97b5)
Start importing Assets/Sprite/Textures/Wood Texture 01/Wood Texture 01 normal.tga using Guid(396ef6a70ab84ea4b85fa6bd0765c548) Importer(2089858483,934ff659095e30574adcf32a4c2f97b5)  -> (artifact id: '8769005be79df42502a762eb45c9c04d') in 0.043919 seconds 
========================================================================
Received Import Request.
  Time since last request: 0.000995 seconds.
  path: Assets/Sprite/Textures/Wood Texture 11/Wood Texture 11.mat
  artifactKey: Guid(73b2c0235b19a624f810b26924156580) Importer(2089858483,934ff659095e30574adcf32a4c2f97b5)
Start importing Assets/Sprite/Textures/Wood Texture 11/Wood Texture 11.mat using Guid(73b2c0235b19a624f810b26924156580) Importer(2089858483,934ff659095e30574adcf32a4c2f97b5)  -> (artifact id: 'be50bc47bb10cb8fdc16fcb3a96205d5') in 0.054723 seconds 
========================================================================
Received Import Request.
  Time since last request: 0.000870 seconds.
  path: Assets/Sprite/Textures/Wood Texture 03/Wood Texture 03 diffuse.tga
  artifactKey: Guid(efd5461bc415bc040b627feea62efd8c) Importer(2089858483,934ff659095e30574adcf32a4c2f97b5)
Start importing Assets/Sprite/Textures/Wood Texture 03/Wood Texture 03 diffuse.tga using Guid(efd5461bc415bc040b627feea62efd8c) Importer(2089858483,934ff659095e30574adcf32a4c2f97b5)  -> (artifact id: 'f48ce0262f3686e20b1cd9c76e54e80e') in 0.042065 seconds 
========================================================================
Received Import Request.
  Time since last request: 0.000866 seconds.
  path: Assets/Prefab/Player4.prefab
  artifactKey: Guid(c2b2fb3cde5bc4b4f9542153049fd118) Importer(2089858483,934ff659095e30574adcf32a4c2f97b5)
Start importing Assets/Prefab/Player4.prefab using Guid(c2b2fb3cde5bc4b4f9542153049fd118) Importer(2089858483,934ff659095e30574adcf32a4c2f97b5)  -> (artifact id: '8b10882fe517996107458f42b285fa4d') in 0.029247 seconds 
========================================================================
Received Import Request.
  Time since last request: 0.000862 seconds.
  path: Assets/Animation/GameOver Screen/New Animation.anim
  artifactKey: Guid(1e7ba3b7edf354b4da33c64b4893fc90) Importer(2089858483,934ff659095e30574adcf32a4c2f97b5)
Start importing Assets/Animation/GameOver Screen/New Animation.anim using Guid(1e7ba3b7edf354b4da33c64b4893fc90) Importer(2089858483,934ff659095e30574adcf32a4c2f97b5)  -> (artifact id: '186f0ee72799a0ef2bfebcdf14ce4cc8') in 0.026101 seconds 
========================================================================
Received Import Request.
  Time since last request: 0.000863 seconds.
  path: Assets/Prefab/SharpnerCollisionEffect.prefab
  artifactKey: Guid(7d07a72521845ea4b9f5305b97980a2e) Importer(2089858483,934ff659095e30574adcf32a4c2f97b5)
Start importing Assets/Prefab/SharpnerCollisionEffect.prefab using Guid(7d07a72521845ea4b9f5305b97980a2e) Importer(2089858483,934ff659095e30574adcf32a4c2f97b5)  -> (artifact id: '36f878546293816d52ce476d7faf1f1d') in 0.032887 seconds 
========================================================================
Received Import Request.
  Time since last request: 0.000885 seconds.
  path: Assets/Sprite/Textures/Wood Texture 13/Wood Texture 13 normal.tga
  artifactKey: Guid(771d8a58ca9c77b47a5729697f97a50a) Importer(2089858483,934ff659095e30574adcf32a4c2f97b5)
Start importing Assets/Sprite/Textures/Wood Texture 13/Wood Texture 13 normal.tga using Guid(771d8a58ca9c77b47a5729697f97a50a) Importer(2089858483,934ff659095e30574adcf32a4c2f97b5)  -> (artifact id: 'e44f4ce4fbfaf0e648b7b7243bc31dfe') in 0.014971 seconds 
========================================================================
Received Import Request.
  Time since last request: 0.000870 seconds.
  path: Assets/UniversalRenderPipelineAsset.asset
  artifactKey: Guid(3c720243ba3348345bc5aa250da0f304) Importer(2089858483,934ff659095e30574adcf32a4c2f97b5)
Start importing Assets/UniversalRenderPipelineAsset.asset using Guid(3c720243ba3348345bc5aa250da0f304) Importer(2089858483,934ff659095e30574adcf32a4c2f97b5)  -> (artifact id: 'dc6949ca49c8c306fd29e3aa27b73f67') in 0.015151 seconds 
========================================================================
Received Import Request.
  Time since last request: 0.000549 seconds.
  path: Assets/Sprite/Textures/Wood Texture 03/Wood Texture 03 normal.tga
  artifactKey: Guid(81916294af2dfe646875bdfa4fea17dd) Importer(2089858483,934ff659095e30574adcf32a4c2f97b5)
Start importing Assets/Sprite/Textures/Wood Texture 03/Wood Texture 03 normal.tga using Guid(81916294af2dfe646875bdfa4fea17dd) Importer(2089858483,934ff659095e30574adcf32a4c2f97b5)  -> (artifact id: 'fc336b9cb6c866b68412acfedbc1a56d') in 0.010823 seconds 
========================================================================
Received Import Request.
  Time since last request: 0.000868 seconds.
  path: Assets/Prefab/AI.prefab
  artifactKey: Guid(811da0f5b9e275a4c96df991a4545c32) Importer(2089858483,934ff659095e30574adcf32a4c2f97b5)
Start importing Assets/Prefab/AI.prefab using Guid(811da0f5b9e275a4c96df991a4545c32) Importer(2089858483,934ff659095e30574adcf32a4c2f97b5)  -> (artifact id: '13f46301e08c4fbf9cd71e1ab09455f6') in 0.066091 seconds 
========================================================================
Received Import Request.
  Time since last request: 0.000879 seconds.
  path: Assets/Sound/BGMusic.mp3
  artifactKey: Guid(3d52d86dd01693b448fcf39928e85e19) Importer(2089858483,934ff659095e30574adcf32a4c2f97b5)
Start importing Assets/Sound/BGMusic.mp3 using Guid(3d52d86dd01693b448fcf39928e85e19) Importer(2089858483,934ff659095e30574adcf32a4c2f97b5)  -> (artifact id: 'd7d063d41baa36f6b0f143a768d25b78') in 0.017241 seconds 
========================================================================
Received Import Request.
  Time since last request: 0.001012 seconds.
  path: Assets/Sprite/Sharpner/Orange.png
  artifactKey: Guid(de4d5a326ad94fe4bbdafb90a74f1a81) Importer(2089858483,934ff659095e30574adcf32a4c2f97b5)
Start importing Assets/Sprite/Sharpner/Orange.png using Guid(de4d5a326ad94fe4bbdafb90a74f1a81) Importer(2089858483,934ff659095e30574adcf32a4c2f97b5)  -> (artifact id: 'abb873d732b8b5658e99e12346f7f689') in 0.148644 seconds 
========================================================================
Received Import Request.
  Time since last request: 0.000886 seconds.
  path: Assets/Script/Sharpner.cs
  artifactKey: Guid(a934bd6b3c600f84db2d2b080b267123) Importer(2089858483,934ff659095e30574adcf32a4c2f97b5)
Start importing Assets/Script/Sharpner.cs using Guid(a934bd6b3c600f84db2d2b080b267123) Importer(2089858483,934ff659095e30574adcf32a4c2f97b5)  -> (artifact id: 'c456de3d472546d7aa9bcafa3a165c84') in 0.030726 seconds 
========================================================================
Received Import Request.
  Time since last request: 0.000860 seconds.
  path: Assets/Sound/GameOver Sound.wav
  artifactKey: Guid(ee714c42c1bc88149b765c70c2a08fd0) Importer(2089858483,934ff659095e30574adcf32a4c2f97b5)
Start importing Assets/Sound/GameOver Sound.wav using Guid(ee714c42c1bc88149b765c70c2a08fd0) Importer(2089858483,934ff659095e30574adcf32a4c2f97b5)  -> (artifact id: '6a62f472e8f9390150da9ebb335a3967') in 0.016457 seconds 
========================================================================
Received Import Request.
  Time since last request: 0.000869 seconds.
  path: Assets/Sound/Collide.mp3
  artifactKey: Guid(9fdd2ed40cf848c44b98aa1d3bf4e9f9) Importer(2089858483,934ff659095e30574adcf32a4c2f97b5)
Start importing Assets/Sound/Collide.mp3 using Guid(9fdd2ed40cf848c44b98aa1d3bf4e9f9) Importer(2089858483,934ff659095e30574adcf32a4c2f97b5)  -> (artifact id: 'd2a624fec918aedb2653bf7f74a291e2') in 0.099254 seconds 
========================================================================
Received Import Request.
  Time since last request: 0.000950 seconds.
  path: Assets/Sprite/Dotted Line/Green Dotted Line.png
  artifactKey: Guid(1afedc9e8f12b514b85126b283bb9a81) Importer(2089858483,934ff659095e30574adcf32a4c2f97b5)
Start importing Assets/Sprite/Dotted Line/Green Dotted Line.png using Guid(1afedc9e8f12b514b85126b283bb9a81) Importer(2089858483,934ff659095e30574adcf32a4c2f97b5)  -> (artifact id: 'ebf2215ff243d3dcf21de81882e0110d') in 0.030946 seconds 
========================================================================
Received Import Request.
  Time since last request: 0.000861 seconds.
  path: Assets/Sprite/Textures/Wood Texture 02/Wood Texture 02 normal.tga
  artifactKey: Guid(9c179042e6e0aed4784fc66ca6d63f8a) Importer(2089858483,934ff659095e30574adcf32a4c2f97b5)
Start importing Assets/Sprite/Textures/Wood Texture 02/Wood Texture 02 normal.tga using Guid(9c179042e6e0aed4784fc66ca6d63f8a) Importer(2089858483,934ff659095e30574adcf32a4c2f97b5)  -> (artifact id: '9ee35768b50df1dbf816ddf64b889b08') in 0.051970 seconds 
========================================================================
Received Import Request.
  Time since last request: 0.000860 seconds.
  path: Assets/Sprite/Textures/Wood Texture 06/Wood Texture 06 diffuse.tga
  artifactKey: Guid(5a1cd0ec1d5613641b8370b91d585119) Importer(2089858483,934ff659095e30574adcf32a4c2f97b5)
Start importing Assets/Sprite/Textures/Wood Texture 06/Wood Texture 06 diffuse.tga using Guid(5a1cd0ec1d5613641b8370b91d585119) Importer(2089858483,934ff659095e30574adcf32a4c2f97b5)  -> (artifact id: '9696ca458ab9843d399c14b97069b5de') in 0.076713 seconds 
========================================================================
Received Import Request.
  Time since last request: 0.000579 seconds.
  path: Assets/Scenes/Menu/Global Volume Profile.asset
  artifactKey: Guid(2d841be4c447dc4499cf359cca800bcb) Importer(2089858483,934ff659095e30574adcf32a4c2f97b5)
Start importing Assets/Scenes/Menu/Global Volume Profile.asset using Guid(2d841be4c447dc4499cf359cca800bcb) Importer(2089858483,934ff659095e30574adcf32a4c2f97b5)  -> (artifact id: '1f41d3799a6c448d8fcb7aa7affeec00') in 0.136776 seconds 
========================================================================
Received Import Request.
  Time since last request: 0.000864 seconds.
  path: Assets/Sprite/Textures/Wood Texture 06/Wood Texture 06.mat
  artifactKey: Guid(7ab5419603cdd1b47bcffeff55825849) Importer(2089858483,934ff659095e30574adcf32a4c2f97b5)
Start importing Assets/Sprite/Textures/Wood Texture 06/Wood Texture 06.mat using Guid(7ab5419603cdd1b47bcffeff55825849) Importer(2089858483,934ff659095e30574adcf32a4c2f97b5)  -> (artifact id: 'f75a0691350dbd13e190d0b93e847d49') in 0.024678 seconds 
========================================================================
Received Import Request.
  Time since last request: 0.000862 seconds.
  path: Assets/Sprite/Textures/Wood Texture 14/Wood Texture 14 diffuse.tga
  artifactKey: Guid(2bf4b388233b3534bb15f8a3478bc46f) Importer(2089858483,934ff659095e30574adcf32a4c2f97b5)
Start importing Assets/Sprite/Textures/Wood Texture 14/Wood Texture 14 diffuse.tga using Guid(2bf4b388233b3534bb15f8a3478bc46f) Importer(2089858483,934ff659095e30574adcf32a4c2f97b5)  -> (artifact id: '5eedb0e2da86aedcc8534ed0d485c072') in 0.306572 seconds 
========================================================================
Received Import Request.
  Time since last request: 0.000882 seconds.
  path: Assets/Sprite/Textures/Wood Texture 14/Wood Texture 14.mat
  artifactKey: Guid(f03a6306859a0e2479fb8cc6d0553baf) Importer(2089858483,934ff659095e30574adcf32a4c2f97b5)
Start importing Assets/Sprite/Textures/Wood Texture 14/Wood Texture 14.mat using Guid(f03a6306859a0e2479fb8cc6d0553baf) Importer(2089858483,934ff659095e30574adcf32a4c2f97b5)  -> (artifact id: '7ad5aa095e1f19d60b898ff75f721966') in 0.032227 seconds 
========================================================================
Received Import Request.
  Time since last request: 0.000861 seconds.
  path: Assets/Sprite/Orange Dotted Line.png
  artifactKey: Guid(3c811699b213a8f45b82b0f8ffc1208a) Importer(2089858483,934ff659095e30574adcf32a4c2f97b5)
Start importing Assets/Sprite/Orange Dotted Line.png using Guid(3c811699b213a8f45b82b0f8ffc1208a) Importer(2089858483,934ff659095e30574adcf32a4c2f97b5)  -> (artifact id: 'b307f6fb34d68cbc6f7db610be827131') in 0.045149 seconds 
========================================================================
Received Import Request.
  Time since last request: 0.000862 seconds.
  path: Assets/Sprite/Textures/Wood Texture 13/Wood Texture 13 diffuse.tga
  artifactKey: Guid(2cd12808fbe89ff4f83dec5f3ea4abf9) Importer(2089858483,934ff659095e30574adcf32a4c2f97b5)
Start importing Assets/Sprite/Textures/Wood Texture 13/Wood Texture 13 diffuse.tga using Guid(2cd12808fbe89ff4f83dec5f3ea4abf9) Importer(2089858483,934ff659095e30574adcf32a4c2f97b5)  -> (artifact id: '69856790be3254a720b8c8e7b30ab98f') in 0.035500 seconds 
========================================================================
Received Import Request.
  Time since last request: 0.000872 seconds.
  path: Assets/Sprite/Textures/Wood Texture 13/Wood Texture 13.mat
  artifactKey: Guid(1cedce7db56d8a24bacbf04e764ad74a) Importer(2089858483,934ff659095e30574adcf32a4c2f97b5)
Start importing Assets/Sprite/Textures/Wood Texture 13/Wood Texture 13.mat using Guid(1cedce7db56d8a24bacbf04e764ad74a) Importer(2089858483,934ff659095e30574adcf32a4c2f97b5)  -> (artifact id: 'b43117129c991143b04b1932f8ceb5e3') in 0.045876 seconds 
========================================================================
Received Import Request.
  Time since last request: 0.000856 seconds.
  path: Assets/Sprite/Loading Png.png
  artifactKey: Guid(bd61ffa28131a0146bbd4c7eb2bf1baa) Importer(2089858483,934ff659095e30574adcf32a4c2f97b5)
Start importing Assets/Sprite/Loading Png.png using Guid(bd61ffa28131a0146bbd4c7eb2bf1baa) Importer(2089858483,934ff659095e30574adcf32a4c2f97b5)  -> (artifact id: 'dbb6f27336f31b4c7d59b473187e4211') in 0.072763 seconds 
========================================================================
Received Import Request.
  Time since last request: 0.000879 seconds.
  path: Assets/Sprite/Textures/Wood Texture 02/Wood Texture 02.mat
  artifactKey: Guid(5eb7ee7380c58854885d9b0c36e8972f) Importer(2089858483,934ff659095e30574adcf32a4c2f97b5)
Start importing Assets/Sprite/Textures/Wood Texture 02/Wood Texture 02.mat using Guid(5eb7ee7380c58854885d9b0c36e8972f) Importer(2089858483,934ff659095e30574adcf32a4c2f97b5)  -> (artifact id: '3e336eba938c501c049fea19d8460237') in 0.075653 seconds 
========================================================================
Received Import Request.
  Time since last request: 0.016787 seconds.
  path: Assets/Sprite/Textures/Wood Texture 05/Wood Texture 05.mat
  artifactKey: Guid(681e525d0bcd7c048882cf869c20ebc5) Importer(2089858483,934ff659095e30574adcf32a4c2f97b5)
Start importing Assets/Sprite/Textures/Wood Texture 05/Wood Texture 05.mat using Guid(681e525d0bcd7c048882cf869c20ebc5) Importer(2089858483,934ff659095e30574adcf32a4c2f97b5)  -> (artifact id: '00df2c627c8218226f8fdfee541b43ae') in 0.033125 seconds 
========================================================================
Received Import Request.
  Time since last request: 0.000861 seconds.
  path: Assets/Animation/GameOver Screen/GameOver Panel.controller
  artifactKey: Guid(4c85ef1f755ed7a4a9ae339e0cb00660) Importer(2089858483,934ff659095e30574adcf32a4c2f97b5)
Start importing Assets/Animation/GameOver Screen/GameOver Panel.controller using Guid(4c85ef1f755ed7a4a9ae339e0cb00660) Importer(2089858483,934ff659095e30574adcf32a4c2f97b5)  -> (artifact id: '0c108ca11c30b4423c259f28b43691d9') in 0.066833 seconds 
========================================================================
Received Import Request.
  Time since last request: 0.000871 seconds.
  path: Assets/Sound/Slide.mp3
  artifactKey: Guid(2afb18d19b145f94ab679774ff059486) Importer(2089858483,934ff659095e30574adcf32a4c2f97b5)
Start importing Assets/Sound/Slide.mp3 using Guid(2afb18d19b145f94ab679774ff059486) Importer(2089858483,934ff659095e30574adcf32a4c2f97b5)  -> (artifact id: '545a53e83125553b82ac2a1c62ec8f83') in 0.013856 seconds 
========================================================================
Received Import Request.
  Time since last request: 0.000859 seconds.
  path: Assets/Prefab/Player2.prefab
  artifactKey: Guid(edd19c3d2ae50f842ac18321b9584d71) Importer(2089858483,934ff659095e30574adcf32a4c2f97b5)
Start importing Assets/Prefab/Player2.prefab using Guid(edd19c3d2ae50f842ac18321b9584d71) Importer(2089858483,934ff659095e30574adcf32a4c2f97b5)  -> (artifact id: '12c0b3647f11eafce025a42860a82bed') in 0.100114 seconds 
========================================================================
Received Import Request.
  Time since last request: 0.000873 seconds.
  path: Assets/Script/GameOver.cs
  artifactKey: Guid(acd07ec64d91738468f74211ad974eda) Importer(2089858483,934ff659095e30574adcf32a4c2f97b5)
Start importing Assets/Script/GameOver.cs using Guid(acd07ec64d91738468f74211ad974eda) Importer(2089858483,934ff659095e30574adcf32a4c2f97b5)  -> (artifact id: 'f3b186c21ae92e3515940c6c715daf1b') in 0.051741 seconds 
========================================================================
Received Import Request.
  Time since last request: 0.001093 seconds.
  path: Assets/Sprite/Splash.png
  artifactKey: Guid(b6778612991d5b949915c53af4a2b7bc) Importer(2089858483,934ff659095e30574adcf32a4c2f97b5)
Start importing Assets/Sprite/Splash.png using Guid(b6778612991d5b949915c53af4a2b7bc) Importer(2089858483,934ff659095e30574adcf32a4c2f97b5)  -> (artifact id: '150ab6d17b5c10d4273da2bcb861036c') in 0.084040 seconds 
========================================================================
Received Import Request.
  Time since last request: 0.000868 seconds.
  path: Assets/Sprite/Dotted Line/Blue Dotted Line.png
  artifactKey: Guid(2bd45173c17d16a47af77054cb309f05) Importer(2089858483,934ff659095e30574adcf32a4c2f97b5)
Start importing Assets/Sprite/Dotted Line/Blue Dotted Line.png using Guid(2bd45173c17d16a47af77054cb309f05) Importer(2089858483,934ff659095e30574adcf32a4c2f97b5)  -> (artifact id: '3a0843dbcc511e66b5f7762a09e56007') in 0.058998 seconds 
========================================================================
Received Import Request.
  Time since last request: 0.000876 seconds.
  path: Assets/Sprite/Textures/Wood Texture 03/Wood Texture 03.mat
  artifactKey: Guid(5d6806ab6c681494e81a3e2d7de093a3) Importer(2089858483,934ff659095e30574adcf32a4c2f97b5)
Start importing Assets/Sprite/Textures/Wood Texture 03/Wood Texture 03.mat using Guid(5d6806ab6c681494e81a3e2d7de093a3) Importer(2089858483,934ff659095e30574adcf32a4c2f97b5)  -> (artifact id: '820ba04cb40ffa0118d6594dcbe3a0f9') in 0.043547 seconds 
========================================================================
Received Import Request.
  Time since last request: 0.000605 seconds.
  path: Assets/Script/Menu.cs
  artifactKey: Guid(0df3a04abfacc8848bb7cbcb7ce2db27) Importer(2089858483,934ff659095e30574adcf32a4c2f97b5)
Start importing Assets/Script/Menu.cs using Guid(0df3a04abfacc8848bb7cbcb7ce2db27) Importer(2089858483,934ff659095e30574adcf32a4c2f97b5)  -> (artifact id: 'c89d5262e5c7e6a55906c41cfc8684db') in 0.053070 seconds 
========================================================================
Received Import Request.
  Time since last request: 0.000847 seconds.
  path: Assets/Sprite/Sharpner/Red.png
  artifactKey: Guid(0ef3468efee8d6944a229af8f4f4767d) Importer(2089858483,934ff659095e30574adcf32a4c2f97b5)
Start importing Assets/Sprite/Sharpner/Red.png using Guid(0ef3468efee8d6944a229af8f4f4767d) Importer(2089858483,934ff659095e30574adcf32a4c2f97b5)  -> (artifact id: 'd1f141ca0fc41fb224b9e55a9404fb73') in 0.093037 seconds 
========================================================================
Received Import Request.
  Time since last request: 0.000858 seconds.
  path: Assets/Sprite/Textures/Wood Texture 14/Wood Texture 14 normal.tga
  artifactKey: Guid(7e0d5aa6aab8f444a99dc28f0a08956b) Importer(2089858483,934ff659095e30574adcf32a4c2f97b5)
Start importing Assets/Sprite/Textures/Wood Texture 14/Wood Texture 14 normal.tga using Guid(7e0d5aa6aab8f444a99dc28f0a08956b) Importer(2089858483,934ff659095e30574adcf32a4c2f97b5)  -> (artifact id: '6c89797ed58a42e1503ae0f5eb7f85b9') in 0.014441 seconds 
========================================================================
Received Import Request.
  Time since last request: 0.000852 seconds.
  path: Assets/Sprite/Logo.png
  artifactKey: Guid(dfe4d8196efe86b4e9b14ccfbe64427a) Importer(2089858483,934ff659095e30574adcf32a4c2f97b5)
Start importing Assets/Sprite/Logo.png using Guid(dfe4d8196efe86b4e9b14ccfbe64427a) Importer(2089858483,934ff659095e30574adcf32a4c2f97b5)  -> (artifact id: 'dc666dac349f21c98cccd14b888c928d') in 0.093449 seconds 
========================================================================
Received Import Request.
  Time since last request: 0.000864 seconds.
  path: Assets/Scenes/Game.unity
  artifactKey: Guid(2cda990e2423bbf4892e6590ba056729) Importer(2089858483,934ff659095e30574adcf32a4c2f97b5)
Start importing Assets/Scenes/Game.unity using Guid(2cda990e2423bbf4892e6590ba056729) Importer(2089858483,934ff659095e30574adcf32a4c2f97b5)  -> (artifact id: '0f85fb0efbad73709957ba290df816fd') in 0.012412 seconds 
AssetImportWorkerClient::OnTransportError - code=2 error=End of file
